#
# A fatal error has been detected by the Java Runtime Environment:
#
#  SIGSEGV (0xb) at pc=0x00007fce0d0193d4, pid=5150, tid=140520823133952
#
# JRE version: Java(TM) SE Runtime Environment (8.0_71-b15) (build 1.8.0_71-b15)
# Java VM: Java HotSpot(TM) 64-Bit Server VM (25.71-b15 mixed mode linux-amd64 compressed oops)
# Problematic frame:
# j  java.io.ObjectStreamClass$FieldReflector.getObjFieldValues(Ljava/lang/Object;[Ljava/lang/Object;)V+77
#
# Failed to write core dump. Core dumps have been disabled. To enable core dumping, try "ulimit -c unlimited" before starting Java again
#
# If you would like to submit a bug report, please visit:
#   http://bugreport.java.com/bugreport/crash.jsp
#

---------------  T H R E A D  ---------------

Current thread (0x00007fcda000b000):  JavaThread "localhost-startStop-2" daemon [_thread_in_Java, id=6129, stack(0x00007fcd8daf1000,0x00007fcd8dbf2000)]

siginfo: si_signo: 11 (SIGSEGV), si_code: 1 (SEGV_MAPERR), si_addr: 0x000000002005e3e6

Registers:
RAX=0x000000002005e3de, RBX=0x0000000000000000, RCX=0x0000000000000000, RDX=0x00000000f28a6ca0
RSP=0x00007fcd8dbefe50, RBP=0x00007fcd8dbefea8, RSI=0x000000002005e3de, RDI=0x00007fcd8dbefd90
R8 =0x0000000000000000, R9 =0xfffffffffffffff8, R10=0x00007fce2409db20, R11=0x00007fce0ddbfd18
R12=0x0000000000000000, R13=0x00007fce05602300, R14=0x00007fcd8dbefed0, R15=0x00007fcda000b000
RIP=0x00007fce0d0193d4, EFLAGS=0x0000000000010206, CSGSFS=0x0000000000000033, ERR=0x0000000000000004
  TRAPNO=0x000000000000000e

Top of Stack: (sp=0x00007fcd8dbefe50)
0x00007fcd8dbefe50:   000000002005e3de 0000000000000000
0x00007fcd8dbefe60:   00000000f28a6ca0 00007fcd8dbefe68
0x00007fcd8dbefe70:   00007fce056022fd 00007fcd8dbefed0
0x00007fcd8dbefe80:   00007fce056025d0 00007fcd8d461be8
0x00007fcd8dbefe90:   00007fce05602328 0000000000000000
0x00007fcd8dbefea0:   00007fcd8dbefec0 00007fcd8dbeff18
0x00007fcd8dbefeb0:   00007fce0d007c4d 0000000000000004
0x00007fcd8dbefec0:   00000000f28a6ca0 00000000fe887e30
0x00007fcd8dbefed0:   00000000f28a4528 00007fcd8dbefed8
0x00007fcd8dbefee0:   00007fce055f5cde 00007fcd8dbeff38
0x00007fcd8dbefef0:   00007fce055f9188 00007fcd8d4618a8
0x00007fcd8dbeff00:   00007fce055f5ce8 00007fcd8dbefec0
0x00007fcd8dbeff10:   00007fcd8dbeff28 00007fcd8dbeff80
0x00007fcd8dbeff20:   00007fce0d007c4d 00000000f28a6ca0
0x00007fcd8dbeff30:   00000000fe887e30 00000000f2895580
0x00007fcd8dbeff40:   00007fcd8dbeff40 00007fce20a7d0ad
0x00007fcd8dbeff50:   00007fcd8dbeffd8 00007fcd8ead14a0
0x00007fcd8dbeff60:   00007fcd8d460a20 00007fce20a7d188
0x00007fcd8dbeff70:   00007fcd8dbeff28 00007fcd8dbeffc8
0x00007fcd8dbeff80:   00007fcd8dbf0020 00007fce0d007c4d
0x00007fcd8dbeff90:   0000000000000000 0000000000000000
0x00007fcd8dbeffa0:   0000000000000004 00000000f28a6ca0
0x00007fcd8dbeffb0:   00000000f289dc78 0000000000000004
0x00007fcd8dbeffc0:   00000000d14343b0 00000000f2895580
0x00007fcd8dbeffd0:   00000000fe887e30 00000000f27ca940
0x00007fcd8dbeffe0:   00007fcd8dbeffe0 00007fce20a7cf63
0x00007fcd8dbefff0:   00007fcd8dbf0070 00007fcd8ead14a0
0x00007fcd8dbf0000:   0000000000000000 00007fce20a7cfb0
0x00007fcd8dbf0010:   00007fcd8dbeffc8 00007fcd8dbf0060
0x00007fcd8dbf0020:   00007fcd8dbf00b8 00007fce0d007c4d
0x00007fcd8dbf0030:   0000000000000000 0000000000000000
0x00007fcd8dbf0040:   0000000000000000 00000000f2895580 

Instructions: (pc=0x00007fce0d0193d4)
0x00007fce0d0193b4:   8b 4c 24 08 48 8b 54 24 10 48 63 c9 3b 4a 0c 8b
0x00007fce0d0193c4:   d9 0f 83 f5 73 ff ff 48 85 c0 0f 84 32 01 00 00
0x00007fce0d0193d4:   8b 58 08 48 c1 e3 03 8b 42 08 48 c1 e0 03 48 8b
0x00007fce0d0193e4:   80 e8 00 00 00 48 8d 54 8a 10 48 8b 4d e0 48 85 

Register to memory mapping:

RAX=0x000000002005e3de is an unknown value
RBX=0x0000000000000000 is an unknown value
RCX=0x0000000000000000 is an unknown value
RDX=0x00000000f28a6ca0 is an oop
[Ljava.lang.Object; 
 - klass: 'java/lang/Object'[]
 - length: 16
RSP=0x00007fcd8dbefe50 is pointing into the stack for thread: 0x00007fcda000b000
RBP=0x00007fcd8dbefea8 is pointing into the stack for thread: 0x00007fcda000b000
RSI=0x000000002005e3de is an unknown value
RDI=0x00007fcd8dbefd90 is pointing into the stack for thread: 0x00007fcda000b000
R8 =0x0000000000000000 is an unknown value
R9 =0xfffffffffffffff8 is an unknown value
R10=0x00007fce2409db20: <offset 0xfbab20> in /opt/jdk1.8.0_71/jre/lib/amd64/server/libjvm.so at 0x00007fce230e3000
R11=0x00007fce0ddbfd18 is at entry_point+24 in (nmethod*)0x00007fce0ddbfb90
R12=0x0000000000000000 is an unknown value
R13=0x00007fce05602300 is pointing into metadata
R14=0x00007fcd8dbefed0 is pointing into the stack for thread: 0x00007fcda000b000
R15=0x00007fcda000b000 is a thread


Stack: [0x00007fcd8daf1000,0x00007fcd8dbf2000],  sp=0x00007fcd8dbefe50,  free space=1019k
Native frames: (J=compiled Java code, j=interpreted, Vv=VM code, C=native code)
j  java.io.ObjectStreamClass$FieldReflector.getObjFieldValues(Ljava/lang/Object;[Ljava/lang/Object;)V+77
j  java.io.ObjectStreamClass.getObjFieldValues(Ljava/lang/Object;[Ljava/lang/Object;)V+6
j  java.io.ObjectOutputStream.defaultWriteFields(Ljava/lang/Object;Ljava/io/ObjectStreamClass;)V+117
j  java.io.ObjectOutputStream.writeSerialData(Ljava/lang/Object;Ljava/io/ObjectStreamClass;)V+211
j  java.io.ObjectOutputStream.writeOrdinaryObject(Ljava/lang/Object;Ljava/io/ObjectStreamClass;Z)V+137
j  java.io.ObjectOutputStream.writeObject0(Ljava/lang/Object;Z)V+506
j  java.io.ObjectOutputStream.writeObject(Ljava/lang/Object;)V+16
j  org.apache.catalina.session.StandardSession.writeObject(Ljava/io/ObjectOutputStream;)V+289
j  org.apache.catalina.session.StandardSession.writeObjectData(Ljava/io/ObjectOutputStream;)V+2
j  org.apache.catalina.session.StandardManager.doUnload()V+432
j  org.apache.catalina.session.StandardManager.unload()V+83
j  org.apache.catalina.session.StandardManager.stopInternal()V+31
j  org.apache.catalina.util.LifecycleBase.stop()V+227
j  org.apache.catalina.core.StandardContext.stopInternal()V+135
j  org.apache.catalina.util.LifecycleBase.stop()V+227
j  org.apache.catalina.core.ContainerBase$StopChild.call()Ljava/lang/Void;+19
j  org.apache.catalina.core.ContainerBase$StopChild.call()Ljava/lang/Object;+1
j  java.util.concurrent.FutureTask.run()V+42
j  java.util.concurrent.ThreadPoolExecutor.runWorker(Ljava/util/concurrent/ThreadPoolExecutor$Worker;)V+95
j  java.util.concurrent.ThreadPoolExecutor$Worker.run()V+5
j  java.lang.Thread.run()V+11
v  ~StubRoutines::call_stub
V  [libjvm.so+0x68c656]  JavaCalls::call_helper(JavaValue*, methodHandle*, JavaCallArguments*, Thread*)+0x1056
V  [libjvm.so+0x68cb61]  JavaCalls::call_virtual(JavaValue*, KlassHandle, Symbol*, Symbol*, JavaCallArguments*, Thread*)+0x321
V  [libjvm.so+0x68d007]  JavaCalls::call_virtual(JavaValue*, Handle, KlassHandle, Symbol*, Symbol*, Thread*)+0x47
V  [libjvm.so+0x723dc0]  thread_entry(JavaThread*, Thread*)+0xa0
V  [libjvm.so+0xa69cff]  JavaThread::thread_main_inner()+0xdf
V  [libjvm.so+0xa69e2c]  JavaThread::run()+0x11c
V  [libjvm.so+0x91d918]  java_start(Thread*)+0x108
C  [libpthread.so.0+0x8182]  start_thread+0xc2


---------------  P R O C E S S  ---------------

Java Threads: ( => current thread )
=>0x00007fcda000b000 JavaThread "localhost-startStop-2" daemon [_thread_in_Java, id=6129, stack(0x00007fcd8daf1000,0x00007fcd8dbf2000)]
  0x00007fcdc4109800 JavaThread "Tomcat-startStop-2" daemon [_thread_blocked, id=6128, stack(0x00007fcd8feff000,0x00007fcd90000000)]
  0x00007fcdb804e800 JavaThread "http-bio-8080-exec-13" daemon [_thread_blocked, id=5928, stack(0x00007fcd8d9f0000,0x00007fcd8daf1000)]
  0x00007fcdb011a000 JavaThread "http-bio-8080-exec-11" daemon [_thread_blocked, id=5926, stack(0x00007fcd8dbf2000,0x00007fcd8dcf3000)]
  0x00007fcdac00c000 JavaThread "http-bio-8080-exec-10" daemon [_thread_blocked, id=5417, stack(0x00007fcd8e4f3000,0x00007fcd8e5f4000)]
  0x00007fcdb8030800 JavaThread "http-bio-8080-exec-8" daemon [_thread_blocked, id=5412, stack(0x00007fcd8e6f5000,0x00007fcd8e7f6000)]
  0x00007fcdac00b000 JavaThread "http-bio-8080-exec-7" daemon [_thread_blocked, id=5350, stack(0x00007fce04259000,0x00007fce0435a000)]
  0x00007fcdac00a000 JavaThread "http-bio-8080-exec-6" daemon [_thread_blocked, id=5349, stack(0x00007fce04158000,0x00007fce04259000)]
  0x00007fcdbd7b2000 JavaThread "Thread-14" daemon [_thread_in_native, id=5232, stack(0x00007fcd8eaf7000,0x00007fcd8ebf8000)]
  0x00007fcdac008800 JavaThread "http-bio-8080-exec-4" daemon [_thread_blocked, id=5231, stack(0x00007fcd8edf8000,0x00007fcd8eef9000)]
  0x00007fcdb012a000 JavaThread "http-bio-8080-exec-3" daemon [_thread_blocked, id=5230, stack(0x00007fcd8eef9000,0x00007fcd8effa000)]
  0x00007fce1c00c800 JavaThread "DestroyJavaVM" [_thread_blocked, id=5152, stack(0x00007fce24bc5000,0x00007fce24cc6000)]
  0x00007fce1d18f800 JavaThread "Thread-12" [_thread_blocked, id=5229, stack(0x00007fcd8effa000,0x00007fcd8f0fb000)]
  0x00007fcdac007800 JavaThread "http-bio-8080-exec-2" daemon [_thread_blocked, id=5228, stack(0x00007fcd8f0fb000,0x00007fcd8f1fc000)]
  0x00007fcdac006800 JavaThread "http-bio-8080-exec-1" daemon [_thread_blocked, id=5227, stack(0x00007fcd8f1fc000,0x00007fcd8f2fd000)]
  0x00007fce1d115800 JavaThread "http-bio-8080-AsyncTimeout" daemon [_thread_blocked, id=5226, stack(0x00007fcd8fcfd000,0x00007fcd8fdfe000)]
  0x00007fce1c344000 JavaThread "http-bio-8080-Acceptor-0" daemon [_thread_blocked, id=5225, stack(0x00007fcd8fdfe000,0x00007fcd8feff000)]
  0x00007fcdbcd93800 JavaThread "Statistics Thread-__DEFAULT__-1" daemon [_thread_blocked, id=5209, stack(0x00007fcdfd3f0000,0x00007fcdfd4f1000)]
  0x00007fcdbccd8000 JavaThread "__DEFAULT__" daemon [_thread_blocked, id=5206, stack(0x00007fcdfd9f2000,0x00007fcdfdaf3000)]
  0x00007fcdbc814800 JavaThread "Abandoned connection cleanup thread" daemon [_thread_blocked, id=5196, stack(0x00007fcdfe0f3000,0x00007fcdfe1f4000)]
  0x00007fcdbc091000 JavaThread "FileSystemWatcher: files=#401 cl=groovy.lang.GroovyClassLoader@f107c50" daemon [_thread_blocked, id=5194, stack(0x00007fce04057000,0x00007fce04158000)]
  0x00007fce1d149000 JavaThread "Thread-3" [_thread_blocked, id=5191, stack(0x00007fce0477a000,0x00007fce0487b000)]
  0x00007fce1cb0d000 JavaThread "Thread-2" [_thread_blocked, id=5190, stack(0x00007fce04f6d000,0x00007fce0506e000)]
  0x00007fce1c767000 JavaThread "NonBlockingInputStreamThread" daemon [_thread_blocked, id=5179, stack(0x00007fce05717000,0x00007fce05818000)]
  0x00007fce1c304800 JavaThread "Service Thread" daemon [_thread_blocked, id=5165, stack(0x00007fce05d1a000,0x00007fce05e1b000)]
  0x00007fce1c2fa800 JavaThread "C1 CompilerThread2" daemon [_thread_in_native, id=5164, stack(0x00007fce05e1b000,0x00007fce05f1c000)]
  0x00007fce1c2e8000 JavaThread "C2 CompilerThread1" daemon [_thread_in_native, id=5163, stack(0x00007fce05f1c000,0x00007fce0601d000)]
  0x00007fce1c2e6800 JavaThread "C2 CompilerThread0" daemon [_thread_in_native, id=5162, stack(0x00007fce0601d000,0x00007fce0611e000)]
  0x00007fce1c180000 JavaThread "Signal Dispatcher" daemon [_thread_blocked, id=5161, stack(0x00007fce0c1f2000,0x00007fce0c2f3000)]
  0x00007fce1c148800 JavaThread "Finalizer" daemon [_thread_blocked, id=5160, stack(0x00007fce0c2f3000,0x00007fce0c3f4000)]
  0x00007fce1c146800 JavaThread "Reference Handler" daemon [_thread_blocked, id=5159, stack(0x00007fce0c3f4000,0x00007fce0c4f5000)]

Other Threads:
  0x00007fce1c141800 VMThread [stack: 0x00007fce0c4f5000,0x00007fce0c5f6000] [id=5158]
  0x00007fce1c309800 WatcherThread [stack: 0x00007fce05c19000,0x00007fce05d1a000] [id=5166]

VM state:not at safepoint (normal execution)

VM Mutex/Monitor currently owned by a thread: None

Heap:
 PSYoungGen      total 217088K, used 65180K [0x00000000f0000000, 0x00000000ff800000, 0x0000000100000000)
  eden space 193536K, 21% used [0x00000000f0000000,0x00000000f28c5728,0x00000000fbd00000)
  from space 23552K, 99% used [0x00000000fe100000,0x00000000ff7e1be8,0x00000000ff800000)
  to   space 29696K, 0% used [0x00000000fbe00000,0x00000000fbe00000,0x00000000fdb00000)
 ParOldGen       total 246272K, used 195979K [0x00000000d0000000, 0x00000000df080000, 0x00000000f0000000)
  object space 246272K, 79% used [0x00000000d0000000,0x00000000dbf62f30,0x00000000df080000)
 Metaspace       used 97359K, capacity 105692K, committed 105984K, reserved 1142784K
  class space    used 10823K, capacity 13019K, committed 13056K, reserved 1048576K

Card table byte_map: [0x00007fce215f8000,0x00007fce21779000] byte_map_base: 0x00007fce20f78000

Marking Bits: (ParMarkBitMap*) 0x00007fce24097fc0
 Begin Bits: [0x00007fce06800000, 0x00007fce07400000)
 End Bits:   [0x00007fce07400000, 0x00007fce08000000)

Polling page: 0x00007fce24cdf000

CodeCache: size=245760Kb used=56625Kb max_used=56794Kb free=189134Kb
 bounds [0x00007fce0d000000, 0x00007fce107e0000, 0x00007fce1c000000]
 total_blobs=14141 nmethods=13315 adapters=737
 compilation: enabled

Compilation events (10 events):
Event: 1699.241 Thread 0x00007fce1c2fa800 nmethod 18135 0x00007fce0e078ed0 code [0x00007fce0e079060, 0x00007fce0e079308]
Event: 1699.241 Thread 0x00007fce1c2fa800 18136       3       java.io.ObjectOutputStream::writeUTF (9 bytes)
Event: 1699.241 Thread 0x00007fce1c2fa800 nmethod 18136 0x00007fce0ec35850 code [0x00007fce0ec359e0, 0x00007fce0ec35c58]
Event: 1699.241 Thread 0x00007fce1c2fa800 18137       3       java.io.ObjectOutputStream$BlockDataOutputStream::writeUTF (11 bytes)
Event: 1699.241 Thread 0x00007fce1c2fa800 nmethod 18137 0x00007fce0d20a910 code [0x00007fce0d20aa80, 0x00007fce0d20ac58]
Event: 1699.241 Thread 0x00007fce1c2fa800 18138       3       java.io.ObjectOutputStream$BlockDataOutputStream::writeUTF (46 bytes)
Event: 1699.242 Thread 0x00007fce1c2fa800 nmethod 18138 0x00007fce0f8ceed0 code [0x00007fce0f8cf080, 0x00007fce0f8cf498]
Event: 1699.242 Thread 0x00007fce1c2fa800 18127  s    3       org.apache.catalina.util.LifecycleBase::setStateInternal (144 bytes)
Event: 1699.243 Thread 0x00007fce1c2fa800 nmethod 18127 0x00007fce0e1e9110 code [0x00007fce0e1e93a0, 0x00007fce0e1ea758]
Event: 1699.244 Thread 0x00007fce1c2fa800 18139   !   3       java.io.ObjectOutputStream::writeObject0 (619 bytes)

GC Heap History (10 events):
Event: 1263.518 GC heap before
{Heap before GC invocations=68 (full 4):
 PSYoungGen      total 228864K, used 215519K [0x00000000f0000000, 0x00000000fff00000, 0x0000000100000000)
  eden space 197632K, 99% used [0x00000000f0000000,0x00000000fc0d5258,0x00000000fc100000)
  from space 31232K, 57% used [0x00000000fc100000,0x00000000fd2a2bd8,0x00000000fdf80000)
  to   space 30720K, 0% used [0x00000000fe100000,0x00000000fe100000,0x00000000fff00000)
 ParOldGen       total 246272K, used 187107K [0x00000000d0000000, 0x00000000df080000, 0x00000000f0000000)
  object space 246272K, 75% used [0x00000000d0000000,0x00000000db6b8e00,0x00000000df080000)
 Metaspace       used 95149K, capacity 103094K, committed 103168K, reserved 1140736K
  class space    used 10642K, capacity 12799K, committed 12800K, reserved 1048576K
Event: 1263.539 GC heap after
Heap after GC invocations=68 (full 4):
 PSYoungGen      total 229376K, used 21047K [0x00000000f0000000, 0x00000000ffd80000, 0x0000000100000000)
  eden space 200192K, 0% used [0x00000000f0000000,0x00000000f0000000,0x00000000fc380000)
  from space 29184K, 72% used [0x00000000fe100000,0x00000000ff58dfa0,0x00000000ffd80000)
  to   space 29696K, 0% used [0x00000000fc380000,0x00000000fc380000,0x00000000fe080000)
 ParOldGen       total 246272K, used 187235K [0x00000000d0000000, 0x00000000df080000, 0x00000000f0000000)
  object space 246272K, 76% used [0x00000000d0000000,0x00000000db6d8e00,0x00000000df080000)
 Metaspace       used 95149K, capacity 103094K, committed 103168K, reserved 1140736K
  class space    used 10642K, capacity 12799K, committed 12800K, reserved 1048576K
}
Event: 1546.159 GC heap before
{Heap before GC invocations=69 (full 4):
 PSYoungGen      total 229376K, used 221239K [0x00000000f0000000, 0x00000000ffd80000, 0x0000000100000000)
  eden space 200192K, 100% used [0x00000000f0000000,0x00000000fc380000,0x00000000fc380000)
  from space 29184K, 72% used [0x00000000fe100000,0x00000000ff58dfa0,0x00000000ffd80000)
  to   space 29696K, 0% used [0x00000000fc380000,0x00000000fc380000,0x00000000fe080000)
 ParOldGen       total 246272K, used 187235K [0x00000000d0000000, 0x00000000df080000, 0x00000000f0000000)
  object space 246272K, 76% used [0x00000000d0000000,0x00000000db6d8e00,0x00000000df080000)
 Metaspace       used 95772K, capacity 103766K, committed 104064K, reserved 1140736K
  class space    used 10699K, capacity 12846K, committed 12928K, reserved 1048576K
Event: 1546.189 GC heap after
Heap after GC invocations=69 (full 4):
 PSYoungGen      total 229888K, used 25818K [0x00000000f0000000, 0x0000000100000000, 0x0000000100000000)
  eden space 200192K, 0% used [0x00000000f0000000,0x00000000f0000000,0x00000000fc380000)
  from space 29696K, 86% used [0x00000000fc380000,0x00000000fdcb6b00,0x00000000fe080000)
  to   space 31232K, 0% used [0x00000000fe180000,0x00000000fe180000,0x0000000100000000)
 ParOldGen       total 246272K, used 187323K [0x00000000d0000000, 0x00000000df080000, 0x00000000f0000000)
  object space 246272K, 76% used [0x00000000d0000000,0x00000000db6eee10,0x00000000df080000)
 Metaspace       used 95772K, capacity 103766K, committed 104064K, reserved 1140736K
  class space    used 10699K, capacity 12846K, committed 12928K, reserved 1048576K
}
Event: 1602.480 GC heap before
{Heap before GC invocations=70 (full 4):
 PSYoungGen      total 229888K, used 226010K [0x00000000f0000000, 0x0000000100000000, 0x0000000100000000)
  eden space 200192K, 100% used [0x00000000f0000000,0x00000000fc380000,0x00000000fc380000)
  from space 29696K, 86% used [0x00000000fc380000,0x00000000fdcb6b00,0x00000000fe080000)
  to   space 31232K, 0% used [0x00000000fe180000,0x00000000fe180000,0x0000000100000000)
 ParOldGen       total 246272K, used 187323K [0x00000000d0000000, 0x00000000df080000, 0x00000000f0000000)
  object space 246272K, 76% used [0x00000000d0000000,0x00000000db6eee10,0x00000000df080000)
 Metaspace       used 96066K, capacity 104120K, committed 104320K, reserved 1140736K
  class space    used 10718K, capacity 12865K, committed 12928K, reserved 1048576K
Event: 1602.544 GC heap after
Heap after GC invocations=70 (full 4):
 PSYoungGen      total 231424K, used 21538K [0x00000000f0000000, 0x00000000fff80000, 0x0000000100000000)
  eden space 200704K, 0% used [0x00000000f0000000,0x00000000f0000000,0x00000000fc400000)
  from space 30720K, 70% used [0x00000000fe180000,0x00000000ff688880,0x00000000fff80000)
  to   space 30208K, 0% used [0x00000000fc400000,0x00000000fc400000,0x00000000fe180000)
 ParOldGen       total 246272K, used 194891K [0x00000000d0000000, 0x00000000df080000, 0x00000000f0000000)
  object space 246272K, 79% used [0x00000000d0000000,0x00000000dbe52e10,0x00000000df080000)
 Metaspace       used 96066K, capacity 104120K, committed 104320K, reserved 1140736K
  class space    used 10718K, capacity 12865K, committed 12928K, reserved 1048576K
}
Event: 1611.090 GC heap before
{Heap before GC invocations=71 (full 4):
 PSYoungGen      total 231424K, used 222242K [0x00000000f0000000, 0x00000000fff80000, 0x0000000100000000)
  eden space 200704K, 100% used [0x00000000f0000000,0x00000000fc400000,0x00000000fc400000)
  from space 30720K, 70% used [0x00000000fe180000,0x00000000ff688880,0x00000000fff80000)
  to   space 30208K, 0% used [0x00000000fc400000,0x00000000fc400000,0x00000000fe180000)
 ParOldGen       total 246272K, used 194891K [0x00000000d0000000, 0x00000000df080000, 0x00000000f0000000)
  object space 246272K, 79% used [0x00000000d0000000,0x00000000dbe52e10,0x00000000df080000)
 Metaspace       used 96681K, capacity 104850K, committed 105216K, reserved 1140736K
  class space    used 10757K, capacity 12930K, committed 13056K, reserved 1048576K
Event: 1611.115 GC heap after
Heap after GC invocations=71 (full 4):
 PSYoungGen      total 222208K, used 21322K [0x00000000f0000000, 0x00000000ffd80000, 0x0000000100000000)
  eden space 200704K, 0% used [0x00000000f0000000,0x00000000f0000000,0x00000000fc400000)
  from space 21504K, 99% used [0x00000000fc400000,0x00000000fd8d2828,0x00000000fd900000)
  to   space 29184K, 0% used [0x00000000fe100000,0x00000000fe100000,0x00000000ffd80000)
 ParOldGen       total 246272K, used 195403K [0x00000000d0000000, 0x00000000df080000, 0x00000000f0000000)
  object space 246272K, 79% used [0x00000000d0000000,0x00000000dbed2e10,0x00000000df080000)
 Metaspace       used 96681K, capacity 104850K, committed 105216K, reserved 1140736K
  class space    used 10757K, capacity 12930K, committed 13056K, reserved 1048576K
}
Event: 1698.136 GC heap before
{Heap before GC invocations=72 (full 4):
 PSYoungGen      total 222208K, used 222026K [0x00000000f0000000, 0x00000000ffd80000, 0x0000000100000000)
  eden space 200704K, 100% used [0x00000000f0000000,0x00000000fc400000,0x00000000fc400000)
  from space 21504K, 99% used [0x00000000fc400000,0x00000000fd8d2828,0x00000000fd900000)
  to   space 29184K, 0% used [0x00000000fe100000,0x00000000fe100000,0x00000000ffd80000)
 ParOldGen       total 246272K, used 195403K [0x00000000d0000000, 0x00000000df080000, 0x00000000f0000000)
  object space 246272K, 79% used [0x00000000d0000000,0x00000000dbed2e10,0x00000000df080000)
 Metaspace       used 96905K, capacity 105158K, committed 105472K, reserved 1142784K
  class space    used 10784K, capacity 12993K, committed 13056K, reserved 1048576K
Event: 1698.177 GC heap after
Heap after GC invocations=72 (full 4):
 PSYoungGen      total 217088K, used 23430K [0x00000000f0000000, 0x00000000ff800000, 0x0000000100000000)
  eden space 193536K, 0% used [0x00000000f0000000,0x00000000f0000000,0x00000000fbd00000)
  from space 23552K, 99% used [0x00000000fe100000,0x00000000ff7e1be8,0x00000000ff800000)
  to   space 29696K, 0% used [0x00000000fbe00000,0x00000000fbe00000,0x00000000fdb00000)
 ParOldGen       total 246272K, used 195979K [0x00000000d0000000, 0x00000000df080000, 0x00000000f0000000)
  object space 246272K, 79% used [0x00000000d0000000,0x00000000dbf62f30,0x00000000df080000)
 Metaspace       used 96905K, capacity 105158K, committed 105472K, reserved 1142784K
  class space    used 10784K, capacity 12993K, committed 13056K, reserved 1048576K
}

Deoptimization events (10 events):
Event: 1696.158 Thread 0x00007fcda000b000 Uncommon trap: reason=bimorphic action=maybe_recompile pc=0x00007fce0d764988 method=java.util.Hashtable.put(Ljava/lang/Object;Ljava/lang/Object;)Ljava/lang/Object; @ 60
Event: 1696.158 Thread 0x00007fcda000b000 Uncommon trap: reason=bimorphic action=maybe_recompile pc=0x00007fce0d764988 method=java.util.Hashtable.put(Ljava/lang/Object;Ljava/lang/Object;)Ljava/lang/Object; @ 60
Event: 1696.158 Thread 0x00007fcda000b000 Uncommon trap: reason=unstable_if action=reinterpret pc=0x00007fce0fbe7a9c method=java.util.LinkedList.indexOf(Ljava/lang/Object;)I @ 55
Event: 1696.158 Thread 0x00007fcda000b000 Uncommon trap: reason=predicate action=maybe_recompile pc=0x00007fce0fa07478 method=org.springframework.context.event.SimpleApplicationEventMulticaster.multicastEvent(Lorg/springframework/context/ApplicationEvent;)V @ 20
Event: 1696.184 Thread 0x00007fcda000b000 Uncommon trap: reason=unstable_if action=reinterpret pc=0x00007fce1059cca4 method=org.springframework.beans.factory.support.AbstractBeanFactory.getType(Ljava/lang/String;)Ljava/lang/Class; @ 28
Event: 1697.922 Thread 0x00007fce1d18f800 Uncommon trap: reason=unstable_if action=reinterpret pc=0x00007fce100c01fc method=org.codehaus.groovy.ast.ClassNode.isResolved()Z @ 14
Event: 1698.068 Thread 0x00007fce1d18f800 Uncommon trap: reason=class_check action=maybe_recompile pc=0x00007fce0d6e61b0 method=org.codehaus.groovy.runtime.dgm$357.doMethodInvoke(Ljava/lang/Object;[Ljava/lang/Object;)Ljava/lang/Object; @ 7
Event: 1698.072 Thread 0x00007fce1d18f800 Uncommon trap: reason=unloaded action=reinterpret pc=0x00007fce0d670b7c method=org.codehaus.groovy.runtime.callsite.PogoMetaMethodSite$PogoCachedMethodSiteNoUnwrapNoCoerce.invoke(Ljava/lang/Object;[Ljava/lang/Object;)Ljava/lang/Object; @ 10
Event: 1699.239 Thread 0x00007fcda000b000 Uncommon trap: reason=array_check action=maybe_recompile pc=0x00007fce106ba504 method=java.util.TimSort.binarySort([Ljava/lang/Object;IIILjava/util/Comparator;)V @ 193
Event: 1699.239 Thread 0x00007fcda000b000 Uncommon trap: reason=array_check action=maybe_recompile pc=0x00007fce106ba504 method=java.util.TimSort.binarySort([Ljava/lang/Object;IIILjava/util/Comparator;)V @ 193

Internal exceptions (10 events):
Event: 1698.130 Thread 0x00007fce1d18f800 Exception <a 'java/security/PrivilegedActionException'> (0x00000000fc2dea38) thrown at [/HUDSON/workspace/8-2-build-linux-amd64/jdk8u71/5731/hotspot/src/share/vm/prims/jvm.cpp, line 1386]
Event: 1698.193 Thread 0x00007fce1d18f800 Exception <a 'java/security/PrivilegedActionException'> (0x00000000f0ad67c0) thrown at [/HUDSON/workspace/8-2-build-linux-amd64/jdk8u71/5731/hotspot/src/share/vm/prims/jvm.cpp, line 1386]
Event: 1698.193 Thread 0x00007fce1d18f800 Exception <a 'java/security/PrivilegedActionException'> (0x00000000f0ad6da0) thrown at [/HUDSON/workspace/8-2-build-linux-amd64/jdk8u71/5731/hotspot/src/share/vm/prims/jvm.cpp, line 1386]
Event: 1699.120 Thread 0x00007fcdbc091000 Exception <a 'java/lang/IllegalAccessError'> (0x00000000f1567678) thrown at [/HUDSON/workspace/8-2-build-linux-amd64/jdk8u71/5731/hotspot/src/share/vm/interpreter/linkResolver.cpp, line 815]
Event: 1699.121 Thread 0x00007fcdbc091000 Exception <a 'java/lang/reflect/InvocationTargetException'> (0x00000000f1567880) thrown at [/HUDSON/workspace/8-2-build-linux-amd64/jdk8u71/5731/hotspot/src/share/vm/runtime/reflection.cpp, line 1092]
Event: 1699.126 Thread 0x00007fcdbc091000 Exception <a 'java/lang/ClassNotFoundException': com/ttnd/linksharing/UserBeanInfo> (0x00000000f165ac30) thrown at [/HUDSON/workspace/8-2-build-linux-amd64/jdk8u71/5731/hotspot/src/share/vm/classfile/systemDictionary.cpp, line 210]
Event: 1699.127 Thread 0x00007fcdbc091000 Exception <a 'java/lang/ClassNotFoundException': com/ttnd/linksharing/UserCustomizer> (0x00000000f16a53a0) thrown at [/HUDSON/workspace/8-2-build-linux-amd64/jdk8u71/5731/hotspot/src/share/vm/classfile/systemDictionary.cpp, line 210]
Event: 1699.183 Thread 0x00007fcdbc091000 Exception <a 'java/lang/reflect/InvocationTargetException'> (0x00000000f217c550) thrown at [/HUDSON/workspace/8-2-build-linux-amd64/jdk8u71/5731/hotspot/src/share/vm/runtime/reflection.cpp, line 1092]
Event: 1699.183 Thread 0x00007fcdbc091000 Exception <a 'java/lang/reflect/InvocationTargetException'> (0x00000000f217c948) thrown at [/HUDSON/workspace/8-2-build-linux-amd64/jdk8u71/5731/hotspot/src/share/vm/runtime/reflection.cpp, line 1092]
Event: 1699.234 Thread 0x00007fcda000b000 Exception <a 'java/lang/NoSuchMethodError': <clinit>> (0x00000000f280a728) thrown at [/HUDSON/workspace/8-2-build-linux-amd64/jdk8u71/5731/hotspot/src/share/vm/prims/jni.cpp, line 1591]

Events (10 events):
Event: 1699.239 Thread 0x00007fcda000b000 DEOPT PACKING pc=0x00007fce106ba504 sp=0x00007fcd8dbeefd0
Event: 1699.239 Thread 0x00007fcda000b000 DEOPT UNPACKING pc=0x00007fce0d005229 sp=0x00007fcd8dbeef70 mode 2
Event: 1699.240 Executing VM operation: BulkRevokeBias
Event: 1699.240 Executing VM operation: BulkRevokeBias done
Event: 1699.242 loading class sun/util/locale/LocaleExtensions
Event: 1699.242 loading class sun/util/locale/LocaleExtensions done
Event: 1699.243 loading class java/util/Locale$FilteringMode
Event: 1699.243 loading class java/util/Locale$FilteringMode done
Event: 1699.243 loading class java/util/MissingResourceException
Event: 1699.243 loading class java/util/MissingResourceException done


Dynamic libraries:
00400000-00401000 r-xp 00000000 08:05 1967396                            /opt/jdk1.8.0_71/bin/java
00600000-00601000 rw-p 00000000 08:05 1967396                            /opt/jdk1.8.0_71/bin/java
02071000-02092000 rw-p 00000000 00:00 0                                  [heap]
d0000000-df080000 rw-p 00000000 00:00 0 
df080000-f0000000 ---p 00000000 00:00 0 
f0000000-ff800000 rw-p 00000000 00:00 0 
ff800000-100000000 ---p 00000000 00:00 0 
100000000-100cc0000 rw-p 00000000 00:00 0 
100cc0000-140000000 ---p 00000000 00:00 0 
7fcd88000000-7fcd88021000 rw-p 00000000 00:00 0 
7fcd88021000-7fcd8c000000 ---p 00000000 00:00 0 
7fcd8d3f0000-7fcd8d4b0000 rw-p 00000000 00:00 0 
7fcd8d4b0000-7fcd8d5f0000 ---p 00000000 00:00 0 
7fcd8d5f0000-7fcd8d7f0000 rw-p 00000000 00:00 0 
7fcd8d7f0000-7fcd8d9f0000 rw-p 00000000 00:00 0 
7fcd8d9f0000-7fcd8d9f3000 ---p 00000000 00:00 0 
7fcd8d9f3000-7fcd8daf1000 rw-p 00000000 00:00 0                          [stack:5928]
7fcd8daf1000-7fcd8daf4000 ---p 00000000 00:00 0 
7fcd8daf4000-7fcd8dbf2000 rw-p 00000000 00:00 0                          [stack:6129]
7fcd8dbf2000-7fcd8dbf5000 ---p 00000000 00:00 0 
7fcd8dbf5000-7fcd8def3000 rw-p 00000000 00:00 0                          [stack:5926]
7fcd8def3000-7fcd8e0f3000 rw-p 00000000 00:00 0 
7fcd8e0f3000-7fcd8e2f3000 rw-p 00000000 00:00 0 
7fcd8e2f3000-7fcd8e4f3000 rw-p 00000000 00:00 0 
7fcd8e4f3000-7fcd8e4f6000 ---p 00000000 00:00 0 
7fcd8e4f6000-7fcd8e5f4000 rw-p 00000000 00:00 0                          [stack:5417]
7fcd8e5f4000-7fcd8e5f7000 ---p 00000000 00:00 0 
7fcd8e5f7000-7fcd8e6f5000 rw-p 00000000 00:00 0 
7fcd8e6f5000-7fcd8e6f8000 ---p 00000000 00:00 0 
7fcd8e6f8000-7fcd8e7f6000 rw-p 00000000 00:00 0                          [stack:5412]
7fcd8e7f6000-7fcd8e7f9000 ---p 00000000 00:00 0 
7fcd8e7f9000-7fcd8eaf7000 rw-p 00000000 00:00 0 
7fcd8eaf7000-7fcd8eafa000 ---p 00000000 00:00 0 
7fcd8eafa000-7fcd8edf8000 rw-p 00000000 00:00 0                          [stack:5232]
7fcd8edf8000-7fcd8edfb000 ---p 00000000 00:00 0 
7fcd8edfb000-7fcd8eef9000 rw-p 00000000 00:00 0                          [stack:5231]
7fcd8eef9000-7fcd8eefc000 ---p 00000000 00:00 0 
7fcd8eefc000-7fcd8effa000 rw-p 00000000 00:00 0                          [stack:5230]
7fcd8effa000-7fcd8effd000 ---p 00000000 00:00 0 
7fcd8effd000-7fcd8f0fb000 rw-p 00000000 00:00 0                          [stack:5229]
7fcd8f0fb000-7fcd8f0fe000 ---p 00000000 00:00 0 
7fcd8f0fe000-7fcd8f1fc000 rw-p 00000000 00:00 0                          [stack:5228]
7fcd8f1fc000-7fcd8f1ff000 ---p 00000000 00:00 0 
7fcd8f1ff000-7fcd8f4fd000 rw-p 00000000 00:00 0                          [stack:5227]
7fcd8f4fd000-7fcd8f6fd000 rw-p 00000000 00:00 0 
7fcd8f6fd000-7fcd8f8fd000 rw-p 00000000 00:00 0 
7fcd8f8fd000-7fcd8fafd000 rw-p 00000000 00:00 0 
7fcd8fafd000-7fcd8fcfd000 rw-p 00000000 00:00 0 
7fcd8fcfd000-7fcd8fd00000 ---p 00000000 00:00 0 
7fcd8fd00000-7fcd8fdfe000 rw-p 00000000 00:00 0                          [stack:5226]
7fcd8fdfe000-7fcd8fe01000 ---p 00000000 00:00 0 
7fcd8fe01000-7fcd8feff000 rw-p 00000000 00:00 0                          [stack:5225]
7fcd8feff000-7fcd8ff02000 ---p 00000000 00:00 0 
7fcd8ff02000-7fcd90000000 rw-p 00000000 00:00 0                          [stack:6128]
7fcd90000000-7fcd90021000 rw-p 00000000 00:00 0 
7fcd90021000-7fcd94000000 ---p 00000000 00:00 0 
7fcd94000000-7fcd94021000 rw-p 00000000 00:00 0 
7fcd94021000-7fcd98000000 ---p 00000000 00:00 0 
7fcd98000000-7fcd98021000 rw-p 00000000 00:00 0 
7fcd98021000-7fcd9c000000 ---p 00000000 00:00 0 
7fcd9c000000-7fcd9c021000 rw-p 00000000 00:00 0 
7fcd9c021000-7fcda0000000 ---p 00000000 00:00 0 
7fcda0000000-7fcda0021000 rw-p 00000000 00:00 0 
7fcda0021000-7fcda4000000 ---p 00000000 00:00 0 
7fcda4000000-7fcda4021000 rw-p 00000000 00:00 0 
7fcda4021000-7fcda8000000 ---p 00000000 00:00 0 
7fcda8000000-7fcda8291000 rw-p 00000000 00:00 0 
7fcda8291000-7fcdac000000 ---p 00000000 00:00 0 
7fcdac000000-7fcdac021000 rw-p 00000000 00:00 0 
7fcdac021000-7fcdb0000000 ---p 00000000 00:00 0 
7fcdb0000000-7fcdb067c000 rw-p 00000000 00:00 0 
7fcdb067c000-7fcdb4000000 ---p 00000000 00:00 0 
7fcdb4000000-7fcdb41e8000 rw-p 00000000 00:00 0 
7fcdb41e8000-7fcdb8000000 ---p 00000000 00:00 0 
7fcdb8000000-7fcdb8985000 rw-p 00000000 00:00 0 
7fcdb8985000-7fcdbc000000 ---p 00000000 00:00 0 
7fcdbc000000-7fcdbfdbf000 rw-p 00000000 00:00 0 
7fcdbfdbf000-7fcdc0000000 ---p 00000000 00:00 0 
7fcdc0000000-7fcdc002c000 rw-p 00000000 00:00 0 
7fcdc002c000-7fcdc4000000 ---p 00000000 00:00 0 
7fcdc4000000-7fcdc41de000 rw-p 00000000 00:00 0 
7fcdc41de000-7fcdc8000000 ---p 00000000 00:00 0 
7fcdc8000000-7fcdc81dc000 rw-p 00000000 00:00 0 
7fcdc81dc000-7fcdcc000000 ---p 00000000 00:00 0 
7fcdcc000000-7fcdcc101000 rw-p 00000000 00:00 0 
7fcdcc101000-7fcdd0000000 ---p 00000000 00:00 0 
7fcdd0000000-7fcdd0306000 rw-p 00000000 00:00 0 
7fcdd0306000-7fcdd4000000 ---p 00000000 00:00 0 
7fcdd4000000-7fcdd4044000 rw-p 00000000 00:00 0 
7fcdd4044000-7fcdd8000000 ---p 00000000 00:00 0 
7fcdd8000000-7fcdda2c8000 rw-p 00000000 00:00 0 
7fcdda2c8000-7fcddc000000 ---p 00000000 00:00 0 
7fcddc000000-7fcddd690000 rw-p 00000000 00:00 0 
7fcddd690000-7fcde0000000 ---p 00000000 00:00 0 
7fcde0000000-7fcde0021000 rw-p 00000000 00:00 0 
7fcde0021000-7fcde4000000 ---p 00000000 00:00 0 
7fcde4000000-7fcde671b000 rw-p 00000000 00:00 0 
7fcde671b000-7fcde8000000 ---p 00000000 00:00 0 
7fcde8000000-7fcde8021000 rw-p 00000000 00:00 0 
7fcde8021000-7fcdec000000 ---p 00000000 00:00 0 
7fcdec000000-7fcdec021000 rw-p 00000000 00:00 0 
7fcdec021000-7fcdf0000000 ---p 00000000 00:00 0 
7fcdf0000000-7fcdf0039000 rw-p 00000000 00:00 0 
7fcdf0039000-7fcdf4000000 ---p 00000000 00:00 0 
7fcdf4000000-7fcdf415a000 rw-p 00000000 00:00 0 
7fcdf415a000-7fcdf8000000 ---p 00000000 00:00 0 
7fcdf8000000-7fcdf8040000 rw-p 00000000 00:00 0 
7fcdf8040000-7fcdfc000000 ---p 00000000 00:00 0 
7fcdfc0e5000-7fcdfc2e5000 rw-p 00000000 00:00 0 
7fcdfc2e5000-7fcdfc2e8000 ---p 00000000 00:00 0 
7fcdfc2e8000-7fcdfc3e6000 rw-p 00000000 00:00 0 
7fcdfc3e6000-7fcdfc3e9000 ---p 00000000 00:00 0 
7fcdfc3e9000-7fcdfc4e7000 rw-p 00000000 00:00 0 
7fcdfc4e7000-7fcdfc4ea000 ---p 00000000 00:00 0 
7fcdfc4ea000-7fcdfc5e8000 rw-p 00000000 00:00 0 
7fcdfc5e8000-7fcdfc5eb000 ---p 00000000 00:00 0 
7fcdfc5eb000-7fcdfc6e9000 rw-p 00000000 00:00 0 
7fcdfc6e9000-7fcdfc6ec000 ---p 00000000 00:00 0 
7fcdfc6ec000-7fcdfc7ea000 rw-p 00000000 00:00 0 
7fcdfc7ea000-7fcdfc7ed000 ---p 00000000 00:00 0 
7fcdfc7ed000-7fcdfc8eb000 rw-p 00000000 00:00 0 
7fcdfc8eb000-7fcdfc8ee000 ---p 00000000 00:00 0 
7fcdfc8ee000-7fcdfc9ec000 rw-p 00000000 00:00 0 
7fcdfc9ec000-7fcdfc9ef000 ---p 00000000 00:00 0 
7fcdfc9ef000-7fcdfcaed000 rw-p 00000000 00:00 0 
7fcdfcaed000-7fcdfcaf0000 ---p 00000000 00:00 0 
7fcdfcaf0000-7fcdfcbee000 rw-p 00000000 00:00 0 
7fcdfcbee000-7fcdfcbf1000 ---p 00000000 00:00 0 
7fcdfcbf1000-7fcdfccef000 rw-p 00000000 00:00 0 
7fcdfccef000-7fcdfccf2000 ---p 00000000 00:00 0 
7fcdfccf2000-7fcdfcff0000 rw-p 00000000 00:00 0 
7fcdfcff0000-7fcdfd1f0000 rw-p 00000000 00:00 0 
7fcdfd1f0000-7fcdfd3f0000 rw-p 00000000 00:00 0 
7fcdfd3f0000-7fcdfd3f3000 ---p 00000000 00:00 0 
7fcdfd3f3000-7fcdfd6f1000 rw-p 00000000 00:00 0                          [stack:5209]
7fcdfd6f1000-7fcdfd8f1000 rw-p 00000000 00:00 0 
7fcdfd8f1000-7fcdfd8f4000 ---p 00000000 00:00 0 
7fcdfd8f4000-7fcdfd9f2000 rw-p 00000000 00:00 0 
7fcdfd9f2000-7fcdfd9f5000 ---p 00000000 00:00 0 
7fcdfd9f5000-7fcdfdcf3000 rw-p 00000000 00:00 0                          [stack:5206]
7fcdfdcf3000-7fcdfdef3000 rw-p 00000000 00:00 0 
7fcdfdef3000-7fcdfe0f3000 rw-p 00000000 00:00 0 
7fcdfe0f3000-7fcdfe0f6000 ---p 00000000 00:00 0 
7fcdfe0f6000-7fcdfe3f4000 rw-p 00000000 00:00 0                          [stack:5196]
7fcdfe3f4000-7fcdfe5f4000 rw-p 00000000 00:00 0 
7fcdfe5f4000-7fcdfe7f4000 rw-p 00000000 00:00 0 
7fcdfe7f4000-7fcdfe9f4000 rw-p 00000000 00:00 0 
7fcdfea0c000-7fcdfea0f000 ---p 00000000 00:00 0 
7fcdfea0f000-7fcdfed0d000 rw-p 00000000 00:00 0 
7fcdfed0d000-7fcdfef0d000 rw-p 00000000 00:00 0 
7fcdfef0d000-7fcdff10d000 rw-p 00000000 00:00 0 
7fcdff10d000-7fcdff30d000 rw-p 00000000 00:00 0 
7fcdff3ef000-7fcdff5ef000 rw-p 00000000 00:00 0 
7fcdff5ef000-7fcdff7ef000 rw-p 00000000 00:00 0 
7fcdff7ef000-7fcdff9ef000 rw-p 00000000 00:00 0 
7fcdff9ef000-7fcdffbef000 rw-p 00000000 00:00 0 
7fcdffbef000-7fcdffc00000 r-xp 00000000 08:05 1967755                    /opt/jdk1.8.0_71/jre/lib/amd64/libnio.so
7fcdffc00000-7fcdffdff000 ---p 00011000 08:05 1967755                    /opt/jdk1.8.0_71/jre/lib/amd64/libnio.so
7fcdffdff000-7fcdffe00000 rw-p 00010000 08:05 1967755                    /opt/jdk1.8.0_71/jre/lib/amd64/libnio.so
7fcdffe00000-7fce00000000 rw-p 00000000 00:00 0 
7fce00000000-7fce00036000 rw-p 00000000 00:00 0 
7fce00036000-7fce04000000 ---p 00000000 00:00 0 
7fce0404f000-7fce04051000 rw-p 00000000 00:00 0 
7fce04051000-7fce04057000 r--s 002f8000 08:05 1967454                    /opt/jdk1.8.0_71/jre/lib/charsets.jar
7fce04057000-7fce0405a000 ---p 00000000 00:00 0 
7fce0405a000-7fce04158000 rw-p 00000000 00:00 0                          [stack:5194]
7fce04158000-7fce0415b000 ---p 00000000 00:00 0 
7fce0415b000-7fce04259000 rw-p 00000000 00:00 0                          [stack:5349]
7fce04259000-7fce0425c000 ---p 00000000 00:00 0 
7fce0425c000-7fce0435a000 rw-p 00000000 00:00 0                          [stack:5350]
7fce0435a000-7fce04362000 r-xp 00000000 08:05 1967701                    /opt/jdk1.8.0_71/jre/lib/amd64/libmanagement.so
7fce04362000-7fce04562000 ---p 00008000 08:05 1967701                    /opt/jdk1.8.0_71/jre/lib/amd64/libmanagement.so
7fce04562000-7fce04563000 rw-p 00008000 08:05 1967701                    /opt/jdk1.8.0_71/jre/lib/amd64/libmanagement.so
7fce04563000-7fce04579000 r-xp 00000000 08:05 1967700                    /opt/jdk1.8.0_71/jre/lib/amd64/libnet.so
7fce04579000-7fce04779000 ---p 00016000 08:05 1967700                    /opt/jdk1.8.0_71/jre/lib/amd64/libnet.so
7fce04779000-7fce0477a000 rw-p 00016000 08:05 1967700                    /opt/jdk1.8.0_71/jre/lib/amd64/libnet.so
7fce0477a000-7fce0477d000 ---p 00000000 00:00 0 
7fce0477d000-7fce04a7b000 rw-p 00000000 00:00 0                          [stack:5191]
7fce04a7b000-7fce04a8d000 r--s 00345000 08:05 1967577                    /opt/jdk1.8.0_71/jre/lib/resources.jar
7fce04a8d000-7fce04a90000 r--s 00012000 08:06 260615                     /home/shalika/.sdkman/candidates/grails/2.5.1/lib/javax.servlet/javax.servlet-api/jars/javax.servlet-api-3.0.1.jar
7fce04a90000-7fce04a95000 r--s 00033000 08:06 134462                     /home/shalika/.sdkman/candidates/grails/2.5.1/dist/grails-project-api-2.5.1.jar
7fce04a95000-7fce04aa6000 r--s 000d2000 08:06 134929                     /home/shalika/.m2/repository/org/liquibase/liquibase-core/2.0.5/liquibase-core-2.0.5.jar
7fce04aa6000-7fce04aac000 r--s 0004c000 08:06 260862                     /home/shalika/.sdkman/candidates/grails/2.5.1/lib/org.grails/grails-datastore-simple/jars/grails-datastore-simple-3.1.5.RELEASE.jar
7fce04aac000-7fce04ab1000 r--s 00048000 08:06 914750                     /home/shalika/.m2/repository/dom4j/dom4j/1.6.1/dom4j-1.6.1.jar
7fce04ab1000-7fce04ab2000 r--s 00002000 08:06 914747                     /home/shalika/.m2/repository/org/jboss/logging/jboss-logging-annotations/1.2.0.Beta1/jboss-logging-annotations-1.2.0.Beta1.jar
7fce04ab2000-7fce04ab5000 r--s 00010000 08:06 914745                     /home/shalika/.m2/repository/org/hibernate/common/hibernate-commons-annotations/4.0.4.Final/hibernate-commons-annotations-4.0.4.Final.jar
7fce04ab5000-7fce04abd000 r--s 00054000 08:06 914743                     /home/shalika/.m2/repository/org/springframework/spring-orm/4.1.6.RELEASE/spring-orm-4.1.6.RELEASE.jar
7fce04abd000-7fce04abf000 r--s 0000a000 08:06 914742                     /home/shalika/.m2/repository/org/grails/grails-datastore-gorm-plugin-support/3.1.5.RELEASE/grails-datastore-gorm-plugin-support-3.1.5.RELEASE.jar
7fce04abf000-7fce04ac5000 r--s 00041000 08:06 914739                     /home/shalika/.m2/repository/org/grails/grails-datastore-gorm-hibernate-core/3.1.5.RELEASE/grails-datastore-gorm-hibernate-core-3.1.5.RELEASE.jar
7fce04ac5000-7fce04acd000 r--s 00062000 08:06 914738                     /home/shalika/.m2/repository/org/grails/grails-datastore-gorm-hibernate4/3.1.5.RELEASE/grails-datastore-gorm-hibernate4-3.1.5.RELEASE.jar
7fce04acd000-7fce04ad7000 r--s 00080000 08:06 260859                     /home/shalika/.sdkman/candidates/grails/2.5.1/lib/org.grails/grails-datastore-gorm/jars/grails-datastore-gorm-3.1.5.RELEASE.jar
7fce04ad7000-7fce04ae2000 r--s 00054000 08:06 260856                     /home/shalika/.sdkman/candidates/grails/2.5.1/lib/org.grails/grails-datastore-core/jars/grails-datastore-core-3.1.5.RELEASE.jar
7fce04ae2000-7fce04ae4000 r--s 0000d000 08:06 914735                     /home/shalika/.m2/repository/org/jboss/logging/jboss-logging/3.1.0.GA/jboss-logging-3.1.0.GA.jar
7fce04ae4000-7fce04ae6000 r--s 00011000 08:06 914733                     /home/shalika/.m2/repository/org/jboss/jandex/1.1.0.Final/jandex-1.1.0.Final.jar
7fce04ae6000-7fce04aeb000 r--s 00068000 08:06 914732                     /home/shalika/.m2/repository/antlr/antlr/2.7.7/antlr-2.7.7.jar
7fce04aeb000-7fce04aec000 r--s 00006000 08:06 914729                     /home/shalika/.m2/repository/org/jboss/spec/javax/transaction/jboss-transaction-api_1.2_spec/1.0.0.Final/jboss-transaction-api_1.2_spec-1.0.0.Final.jar
7fce04aec000-7fce04b4b000 r--s 004ab000 08:06 914727                     /home/shalika/.m2/repository/org/hibernate/hibernate-core/4.3.10.Final/hibernate-core-4.3.10.Final.jar
7fce04b4b000-7fce04b4f000 r--s 0001e000 08:06 914725                     /home/shalika/.m2/repository/org/hibernate/hibernate-ehcache/4.3.10.Final/hibernate-ehcache-4.3.10.Final.jar
7fce04b4f000-7fce04b51000 r--s 0000d000 08:06 914724                     /home/shalika/.m2/repository/com/fasterxml/classmate/1.0.0/classmate-1.0.0.jar
7fce04b51000-7fce04b55000 r--s 0000c000 08:06 914721                     /home/shalika/.m2/repository/javax/validation/validation-api/1.1.0.Final/validation-api-1.1.0.Final.jar
7fce04b55000-7fce04b63000 r--s 0008d000 08:06 914720                     /home/shalika/.m2/repository/org/hibernate/hibernate-validator/5.1.3.Final/hibernate-validator-5.1.3.Final.jar
7fce04b63000-7fce04c3b000 r--s 007c3000 08:06 813359                     /home/shalika/.m2/repository/net/sf/ehcache/ehcache/2.9.0/ehcache-2.9.0.jar
7fce04c3b000-7fce04c45000 r--s 0004c000 08:06 138645                     /home/shalika/.m2/repository/org/springframework/security/spring-security-web/3.2.9.RELEASE/spring-security-web-3.2.9.RELEASE.jar
7fce04c45000-7fce04c50000 r--s 00050000 08:06 138643                     /home/shalika/.m2/repository/org/springframework/security/spring-security-core/3.2.9.RELEASE/spring-security-core-3.2.9.RELEASE.jar
7fce04c50000-7fce04c5b000 r--s 0008a000 08:06 819819                     /home/shalika/.m2/repository/c3p0/c3p0/0.9.1.1/c3p0-0.9.1.1.jar
7fce04c5b000-7fce04c65000 r--s 00098000 08:06 819724                     /home/shalika/.m2/repository/org/quartz-scheduler/quartz/2.2.1/quartz-2.2.1.jar
7fce04c65000-7fce04c6f000 r--s 000a0000 08:06 807602                     /home/shalika/.m2/repository/org/gmetrics/GMetrics/0.7/GMetrics-0.7.jar
7fce04c6f000-7fce04c93000 r--s 003f7000 08:06 807599                     /home/shalika/.m2/repository/org/codenarc/CodeNarc/0.25.1/CodeNarc-0.25.1.jar
7fce04c93000-7fce04c96000 r--s 0002c000 08:06 916085                     /home/shalika/.m2/repository/javax/mail/javax.mail-api/1.5.1/javax.mail-api-1.5.1.jar
7fce04c96000-7fce04c98000 r--s 0000e000 08:06 916083                     /home/shalika/.m2/repository/javax/activation/activation/1.1/activation-1.1.jar
7fce04c98000-7fce04ca0000 r--s 0007e000 08:06 916081                     /home/shalika/.m2/repository/com/sun/mail/javax.mail/1.5.1/javax.mail-1.5.1.jar
7fce04ca0000-7fce04ca2000 r--s 0000d000 08:06 914717                     /home/shalika/.m2/repository/commons-logging/commons-logging/1.1.1/commons-logging-1.1.1.jar
7fce04ca2000-7fce04ca5000 r--s 00006000 08:06 133618                     /home/shalika/.sdkman/candidates/grails/2.5.1/lib/com.google.code.findbugs/jsr305/jars/jsr305-1.3.9.jar
7fce04ca5000-7fce04cad000 r--s 0007b000 08:06 914716                     /home/shalika/.m2/repository/com/google/protobuf/protobuf-java/2.5.0/protobuf-java-2.5.0.jar
7fce04cad000-7fce04cd8000 r--s 001fc000 08:06 914715                     /home/shalika/.m2/repository/com/google/guava/guava/18.0/guava-18.0.jar
7fce04cd8000-7fce04cdb000 r--s 00010000 08:06 914711                     /home/shalika/.m2/repository/args4j/args4j/2.0.26/args4j-2.0.26.jar
7fce04cdb000-7fce04cdc000 r--s 0001c000 08:06 914710                     /home/shalika/.m2/repository/com/google/javascript/closure-compiler-externs/v20141023/closure-compiler-externs-v20141023.jar
7fce04cdc000-7fce04d0d000 r--s 002cc000 08:06 914707                     /home/shalika/.m2/repository/com/google/javascript/closure-compiler/v20141023/closure-compiler-v20141023.jar
7fce04d0d000-7fce04d10000 r--s 0002b000 08:06 914705                     /home/shalika/.m2/repository/com/bertramlabs/plugins/asset-pipeline-core/2.2.3/asset-pipeline-core-2.2.3.jar
7fce04d10000-7fce04d1d000 r--s 00109000 08:06 914702                     /home/shalika/.m2/repository/org/mozilla/rhino/1.7R4/rhino-1.7R4.jar
7fce04d1d000-7fce04d26000 r--s 000a5000 08:06 914698                     /home/shalika/.m2/repository/org/javassist/javassist/3.17.1-GA/javassist-3.17.1-GA.jar
7fce04d26000-7fce04d2e000 r--s 000cf000 08:06 914969                     /home/shalika/.m2/repository/mysql/mysql-connector-java/5.1.29/mysql-connector-java-5.1.29.jar
7fce04d2e000-7fce04d30000 r--s 00087000 08:06 134483                     /home/shalika/.sdkman/candidates/grails/2.5.1/dist/grails-resources-2.5.1.jar
7fce04d30000-7fce04d3d000 r--s 00189000 08:06 133643                     /home/shalika/.sdkman/candidates/grails/2.5.1/lib/com.h2database/h2/jars/h2-1.3.176.jar
7fce04d3d000-7fce04d3f000 r--s 0000a000 08:06 134315                     /home/shalika/.sdkman/candidates/grails/2.5.1/dist/grails-plugin-mimetypes-2.5.1.jar
7fce04d3f000-7fce04d42000 r--s 00016000 08:06 134210                     /home/shalika/.sdkman/candidates/grails/2.5.1/dist/grails-plugin-domain-class-2.5.1.jar
7fce04d42000-7fce04d46000 r--s 0001f000 08:06 134147                     /home/shalika/.sdkman/candidates/grails/2.5.1/dist/grails-plugin-converters-2.5.1.jar
7fce04d46000-7fce04d47000 r--s 0000e000 08:06 260767                     /home/shalika/.sdkman/candidates/grails/2.5.1/lib/org.codehaus.jsr166-mirror/jsr166y/jars/jsr166y-1.7.0.jar
7fce04d47000-7fce04d63000 r--s 00136000 08:06 260753                     /home/shalika/.sdkman/candidates/grails/2.5.1/lib/org.codehaus.gpars/gpars/jars/gpars-1.2.1.jar
7fce04d63000-7fce04d65000 r--s 0000c000 08:06 133937                     /home/shalika/.sdkman/candidates/grails/2.5.1/dist/grails-async-2.5.1.jar
7fce04d65000-7fce04d69000 r--s 00019000 08:06 133636                     /home/shalika/.sdkman/candidates/grails/2.5.1/lib/com.googlecode.concurrentlinkedhashmap/concurrentlinkedhashmap-lru/jars/concurrentlinkedhashmap-lru-1.4.jar
7fce04d69000-7fce04d6d000 r--s 00028000 08:06 133690                     /home/shalika/.sdkman/candidates/grails/2.5.1/lib/commons-validator/commons-validator/jars/commons-validator-1.4.0.jar
7fce04d6d000-7fce04f6d000 rw-p 00000000 00:00 0 
7fce04f6d000-7fce04f70000 ---p 00000000 00:00 0 
7fce04f70000-7fce0526e000 rw-p 00000000 00:00 0                          [stack:5190]
7fce0526e000-7fce05270000 r--s 0000a000 08:06 134084                     /home/shalika/.sdkman/candidates/grails/2.5.1/dist/grails-plugin-async-2.5.1.jar
7fce05270000-7fce05272000 r--s 00014000 08:06 134567                     /home/shalika/.sdkman/candidates/grails/2.5.1/dist/grails-validation-2.5.1.jar
7fce05272000-7fce05274000 r--s 0000c000 08:06 134420                     /home/shalika/.sdkman/candidates/grails/2.5.1/dist/grails-plugin-url-mappings-2.5.1.jar
7fce05274000-7fce05276000 r--s 00004000 08:06 134378                     /home/shalika/.sdkman/candidates/grails/2.5.1/dist/grails-plugin-servlets-2.5.1.jar
7fce05276000-7fce0527d000 r--s 00037000 08:06 261000                     /home/shalika/.sdkman/candidates/grails/2.5.1/lib/org.springframework/spring-tx/jars/spring-tx-4.1.6.RELEASE.jar
7fce0527d000-7fce0527e000 r--s 00008000 08:06 134357                     /home/shalika/.sdkman/candidates/grails/2.5.1/dist/grails-plugin-services-2.5.1.jar
7fce0527e000-7fce0527f000 r--s 00001000 08:06 260906                     /home/shalika/.sdkman/candidates/grails/2.5.1/lib/org.slf4j/jul-to-slf4j/jars/jul-to-slf4j-1.7.5.jar
7fce0527f000-7fce05280000 r--s 0000a000 08:06 134714                     /home/shalika/.sdkman/candidates/grails/2.5.1/dist/grails-web-gsp-taglib-2.5.1.jar
7fce05280000-7fce05286000 r--s 00033000 08:06 133664                     /home/shalika/.sdkman/candidates/grails/2.5.1/lib/commons-codec/commons-codec/jars/commons-codec-1.6.jar
7fce05286000-7fce05296000 r--s 000a0000 08:06 261006                     /home/shalika/.sdkman/candidates/grails/2.5.1/lib/org.springframework/spring-web/jars/spring-web-4.1.6.RELEASE.jar
7fce05296000-7fce0529b000 r--s 0002a000 08:06 134042                     /home/shalika/.sdkman/candidates/grails/2.5.1/dist/grails-encoder-2.5.1.jar
7fce0529b000-7fce0529d000 r--s 0000e000 08:06 134105                     /home/shalika/.sdkman/candidates/grails/2.5.1/dist/grails-plugin-codecs-2.5.1.jar
7fce0529d000-7fce0529e000 r--s 00000000 08:06 134063                     /home/shalika/.sdkman/candidates/grails/2.5.1/dist/grails-logging-2.5.1.jar
7fce0529e000-7fce052a4000 r--s 0004c000 08:06 134252                     /home/shalika/.sdkman/candidates/grails/2.5.1/dist/grails-plugin-gsp-2.5.1.jar
7fce052a4000-7fce052a6000 r--s 00009000 08:06 134231                     /home/shalika/.sdkman/candidates/grails/2.5.1/dist/grails-plugin-filters-2.5.1.jar
7fce052a6000-7fce052ab000 r--s 00041000 08:06 133686                     /home/shalika/.sdkman/candidates/grails/2.5.1/lib/commons-lang/commons-lang/jars/commons-lang-2.6.jar
7fce052ab000-7fce052ac000 r--s 00004000 08:06 134273                     /home/shalika/.sdkman/candidates/grails/2.5.1/dist/grails-plugin-i18n-2.5.1.jar
7fce052ac000-7fce052b1000 r--s 00017000 08:06 260882                     /home/shalika/.sdkman/candidates/grails/2.5.1/lib/org.hibernate.javax.persistence/hibernate-jpa-2.1-api/jars/hibernate-jpa-2.1-api-1.0.0.Final.jar
7fce052b1000-7fce052b3000 r--s 00000000 08:06 133592                     /home/shalika/.sdkman/candidates/grails/2.5.1/lib/aopalliance/aopalliance/jars/aopalliance-1.0.jar
7fce052b3000-7fce052b7000 r--s 00040000 08:06 261035                     /home/shalika/.sdkman/candidates/grails/2.5.1/lib/xalan/serializer/jars/serializer-2.7.2.jar
7fce052b7000-7fce052cc000 r--s 000e2000 08:06 260976                     /home/shalika/.sdkman/candidates/grails/2.5.1/lib/org.springframework/spring-core/jars/spring-core-4.1.6.RELEASE.jar
7fce052cc000-7fce052cd000 r--s 00009000 08:06 134525                     /home/shalika/.sdkman/candidates/grails/2.5.1/dist/grails-spring-2.5.1.jar
7fce052cd000-7fce052da000 r--s 000a0000 08:06 260961                     /home/shalika/.sdkman/candidates/grails/2.5.1/lib/org.springframework/spring-beans/jars/spring-beans-4.1.6.RELEASE.jar
7fce052da000-7fce052e7000 r--s 00096000 08:06 133979                     /home/shalika/.sdkman/candidates/grails/2.5.1/dist/grails-core-2.5.1.jar
7fce052e7000-7fce052e8000 r--s 00004000 08:06 134168                     /home/shalika/.sdkman/candidates/grails/2.5.1/dist/grails-plugin-databinding-2.5.1.jar
7fce052e8000-7fce052ea000 r--s 00009000 08:06 134441                     /home/shalika/.sdkman/candidates/grails/2.5.1/dist/grails-plugin-validation-2.5.1.jar
7fce052ea000-7fce052ed000 r--s 0001d000 08:06 134126                     /home/shalika/.sdkman/candidates/grails/2.5.1/dist/grails-plugin-controllers-2.5.1.jar
7fce052ed000-7fce052f2000 r--s 0002a000 08:06 133622                     /home/shalika/.sdkman/candidates/grails/2.5.1/lib/com.google.code.gson/gson/jars/gson-2.2.4.jar
7fce052f2000-7fce052f5000 r--s 00020000 08:06 134798                     /home/shalika/.sdkman/candidates/grails/2.5.1/dist/grails-web-url-mappings-2.5.1.jar
7fce052f5000-7fce052fb000 r--s 00027000 08:06 260648                     /home/shalika/.sdkman/candidates/grails/2.5.1/lib/opensymphony/sitemesh/jars/sitemesh-2.4.jar
7fce052fb000-7fce052fd000 r--s 0000b000 08:06 134777                     /home/shalika/.sdkman/candidates/grails/2.5.1/dist/grails-web-sitemesh-2.5.1.jar
7fce052fd000-7fce05301000 r--s 00019000 08:06 260739                     /home/shalika/.sdkman/candidates/grails/2.5.1/lib/org.aspectj/aspectjrt/jars/aspectjrt-1.8.5.jar
7fce05301000-7fce05308000 r--s 00049000 08:06 134693                     /home/shalika/.sdkman/candidates/grails/2.5.1/dist/grails-web-gsp-2.5.1.jar
7fce05308000-7fce05317000 r--s 000b0000 08:06 261009                     /home/shalika/.sdkman/candidates/grails/2.5.1/lib/org.springframework/spring-webmvc/jars/spring-webmvc-4.1.6.RELEASE.jar
7fce05317000-7fce05517000 rw-p 00000000 00:00 0 
7fce05517000-7fce05717000 rw-p 00000000 00:00 0 
7fce05717000-7fce0571a000 ---p 00000000 00:00 0 
7fce0571a000-7fce05818000 rw-p 00000000 00:00 0                          [stack:5179]
7fce05818000-7fce05819000 r-xp 00000000 08:01 2623729                    /tmp/libjansi-64-4672297788114380234.so
7fce05819000-7fce05a18000 ---p 00001000 08:01 2623729                    /tmp/libjansi-64-4672297788114380234.so
7fce05a18000-7fce05a19000 rw-p 00000000 08:01 2623729                    /tmp/libjansi-64-4672297788114380234.so
7fce05a19000-7fce05c19000 rw-p 00000000 00:00 0 
7fce05c19000-7fce05c1a000 ---p 00000000 00:00 0 
7fce05c1a000-7fce05d1a000 rw-p 00000000 00:00 0                          [stack:5166]
7fce05d1a000-7fce05d1d000 ---p 00000000 00:00 0 
7fce05d1d000-7fce05e1b000 rw-p 00000000 00:00 0                          [stack:5165]
7fce05e1b000-7fce05e1e000 ---p 00000000 00:00 0 
7fce05e1e000-7fce05f1c000 rw-p 00000000 00:00 0                          [stack:5164]
7fce05f1c000-7fce05f1f000 ---p 00000000 00:00 0 
7fce05f1f000-7fce0601d000 rw-p 00000000 00:00 0                          [stack:5163]
7fce0601d000-7fce06020000 ---p 00000000 00:00 0 
7fce06020000-7fce0611e000 rw-p 00000000 00:00 0                          [stack:5162]
7fce0611e000-7fce06800000 r--p 00000000 08:01 1712107                    /usr/lib/locale/locale-archive
7fce06800000-7fce08000000 rw-p 00000000 00:00 0 
7fce08000000-7fce0803e000 rw-p 00000000 00:00 0 
7fce0803e000-7fce0c000000 ---p 00000000 00:00 0 
7fce0c000000-7fce0c005000 r--s 00027000 08:06 260970                     /home/shalika/.sdkman/candidates/grails/2.5.1/lib/org.springframework/spring-context-support/jars/spring-context-support-4.1.6.RELEASE.jar
7fce0c005000-7fce0c00a000 r--s 0002c000 08:06 134609                     /home/shalika/.sdkman/candidates/grails/2.5.1/dist/grails-web-common-2.5.1.jar
7fce0c00a000-7fce0c00d000 r--s 00020000 08:06 134735                     /home/shalika/.sdkman/candidates/grails/2.5.1/dist/grails-web-jsp-2.5.1.jar
7fce0c00d000-7fce0c025000 r--s 001af000 08:06 260742                     /home/shalika/.sdkman/candidates/grails/2.5.1/lib/org.aspectj/aspectjweaver/jars/aspectjweaver-1.8.5.jar
7fce0c025000-7fce0c027000 r--s 0000c000 08:06 260955                     /home/shalika/.sdkman/candidates/grails/2.5.1/lib/org.springframework/spring-aspects/jars/spring-aspects-4.1.6.RELEASE.jar
7fce0c027000-7fce0c029000 r--s 00009000 08:06 134756                     /home/shalika/.sdkman/candidates/grails/2.5.1/dist/grails-web-mvc-2.5.1.jar
7fce0c029000-7fce0c02d000 r--s 00027000 08:06 133679                     /home/shalika/.sdkman/candidates/grails/2.5.1/lib/commons-io/commons-io/jars/commons-io-2.2.jar
7fce0c02d000-7fce0c02f000 r--s 0000f000 08:06 133675                     /home/shalika/.sdkman/candidates/grails/2.5.1/lib/commons-fileupload/commons-fileupload/jars/commons-fileupload-1.3.1.jar
7fce0c02f000-7fce0c030000 r--s 00000000 08:06 134672                     /home/shalika/.sdkman/candidates/grails/2.5.1/dist/grails-web-fileupload-2.5.1.jar
7fce0c030000-7fce0c033000 r--s 0000d000 08:06 134000                     /home/shalika/.sdkman/candidates/grails/2.5.1/dist/grails-databinding-2.5.1.jar
7fce0c033000-7fce0c036000 r--s 00014000 08:06 134630                     /home/shalika/.sdkman/candidates/grails/2.5.1/dist/grails-web-databinding-2.5.1.jar
7fce0c036000-7fce0c038000 r--s 00009000 08:06 134588                     /home/shalika/.sdkman/candidates/grails/2.5.1/dist/grails-web-2.5.1.jar
7fce0c038000-7fce0c03d000 r--s 0003b000 08:06 260982                     /home/shalika/.sdkman/candidates/grails/2.5.1/lib/org.springframework/spring-expression/jars/spring-expression-4.1.6.RELEASE.jar
7fce0c03d000-7fce0c046000 r--s 0004f000 08:06 260952                     /home/shalika/.sdkman/candidates/grails/2.5.1/lib/org.springframework/spring-aop/jars/spring-aop-4.1.6.RELEASE.jar
7fce0c046000-7fce0c05e000 r--s 000e3000 08:06 260967                     /home/shalika/.sdkman/candidates/grails/2.5.1/lib/org.springframework/spring-context/jars/spring-context-4.1.6.RELEASE.jar
7fce0c05e000-7fce0c068000 r--s 0005f000 08:06 260988                     /home/shalika/.sdkman/candidates/grails/2.5.1/lib/org.springframework/spring-jdbc/jars/spring-jdbc-4.1.6.RELEASE.jar
7fce0c068000-7fce0c06a000 r--s 00008000 08:06 260726                     /home/shalika/.sdkman/candidates/grails/2.5.1/lib/org.apache.tomcat/tomcat-juli/jars/tomcat-juli-7.0.50.jar
7fce0c06a000-7fce0c06c000 r--s 0001d000 08:06 260721                     /home/shalika/.sdkman/candidates/grails/2.5.1/lib/org.apache.tomcat/tomcat-jdbc/jars/tomcat-jdbc-7.0.50.jar
7fce0c06c000-7fce0c06e000 r--s 0000a000 08:06 134189                     /home/shalika/.sdkman/candidates/grails/2.5.1/dist/grails-plugin-datasource-2.5.1.jar
7fce0c06e000-7fce0c072000 r--s 00028000 08:06 134336                     /home/shalika/.sdkman/candidates/grails/2.5.1/dist/grails-plugin-rest-2.5.1.jar
7fce0c072000-7fce0c074000 r--s 00001000 08:05 1967656                    /opt/jdk1.8.0_71/jre/lib/ext/dnsns.jar
7fce0c074000-7fce0c077000 ---p 00000000 00:00 0 
7fce0c077000-7fce0c0ad000 rw-p 00000000 00:00 0 
7fce0c0ad000-7fce0c0b1000 r--s 00097000 08:05 1967664                    /opt/jdk1.8.0_71/jre/lib/jsse.jar
7fce0c0b1000-7fce0c0b8000 r--s 00062000 08:06 261015                     /home/shalika/.sdkman/candidates/grails/2.5.1/lib/org.springframework/springloaded/jars/springloaded-1.2.4.RELEASE.jar
7fce0c0b8000-7fce0c0ba000 r--s 00010000 08:06 393899                     /home/shalika/bootcamp/linksharing/target/work/plugins/tomcat-7.0.55.3/grails-plugin-tomcat-7.0.55.3.jar
7fce0c0ba000-7fce0c0ca000 r--s 0019c000 08:06 914248                     /home/shalika/.m2/repository/org/eclipse/jdt/core/compiler/ecj/3.7.2/ecj-3.7.2.jar
7fce0c0ca000-7fce0c0ec000 r--s 0026b000 08:06 914249                     /home/shalika/.m2/repository/org/apache/tomcat/embed/tomcat-embed-core/7.0.55/tomcat-embed-core-7.0.55.jar
7fce0c0ec000-7fce0c0f1000 r--s 0002f000 08:06 914243                     /home/shalika/.m2/repository/org/apache/tomcat/embed/tomcat-embed-websocket/7.0.55/tomcat-embed-websocket-7.0.55.jar
7fce0c0f1000-7fce0c0f3000 r--s 00013000 08:06 914245                     /home/shalika/.m2/repository/org/apache/tomcat/embed/tomcat-embed-logging-log4j/7.0.55/tomcat-embed-logging-log4j-7.0.55.jar
7fce0c0f3000-7fce0c0f6000 r--s 00028000 08:06 914241                     /home/shalika/.m2/repository/org/apache/tomcat/embed/tomcat-embed-el/7.0.55/tomcat-embed-el-7.0.55.jar
7fce0c0f6000-7fce0c10b000 r--s 00116000 08:06 260678                     /home/shalika/.sdkman/candidates/grails/2.5.1/lib/org.apache.ivy/ivy/jars/ivy-2.3.0.jar
7fce0c10b000-7fce0c17a000 r--s 0063e000 08:06 260760                     /home/shalika/.sdkman/candidates/grails/2.5.1/lib/org.codehaus.groovy/groovy-all/jars/groovy-all-2.4.4.jar
7fce0c17a000-7fce0c1f2000 r--s 010e3000 08:05 1966704                    /opt/jdk1.8.0_71/lib/tools.jar
7fce0c1f2000-7fce0c1f5000 ---p 00000000 00:00 0 
7fce0c1f5000-7fce0c2f3000 rw-p 00000000 00:00 0                          [stack:5161]
7fce0c2f3000-7fce0c2f6000 ---p 00000000 00:00 0 
7fce0c2f6000-7fce0c3f4000 rw-p 00000000 00:00 0                          [stack:5160]
7fce0c3f4000-7fce0c3f7000 ---p 00000000 00:00 0 
7fce0c3f7000-7fce0c4f5000 rw-p 00000000 00:00 0                          [stack:5159]
7fce0c4f5000-7fce0c4f6000 ---p 00000000 00:00 0 
7fce0c4f6000-7fce0d000000 rw-p 00000000 00:00 0                          [stack:5158]
7fce0d000000-7fce107e0000 rwxp 00000000 00:00 0 
7fce107e0000-7fce1c000000 ---p 00000000 00:00 0 
7fce1c000000-7fce1d3e8000 rw-p 00000000 00:00 0 
7fce1d3e8000-7fce20000000 ---p 00000000 00:00 0 
7fce20000000-7fce20009000 r--s 0009f000 08:06 914239                     /home/shalika/.m2/repository/org/apache/tomcat/embed/tomcat-embed-jasper/7.0.55/tomcat-embed-jasper-7.0.55.jar
7fce20009000-7fce2000b000 r--s 0000c000 08:06 914238                     /home/shalika/.m2/repository/org/apache/tomcat/tomcat-catalina-ant/7.0.55/tomcat-catalina-ant-7.0.55.jar
7fce2000b000-7fce2000d000 r--s 0001b000 08:06 260655                     /home/shalika/.sdkman/candidates/grails/2.5.1/lib/org.apache.ant/ant-junit/jars/ant-junit-1.9.4.jar
7fce2000d000-7fce2000f000 r--s 0001a000 08:06 260852                     /home/shalika/.sdkman/candidates/grails/2.5.1/lib/org.fusesource.jansi/jansi/jars/jansi-1.11.jar
7fce2000f000-7fce20010000 r--s 00001000 08:06 260661                     /home/shalika/.sdkman/candidates/grails/2.5.1/lib/org.apache.ant/ant-trax/jars/ant-trax-1.7.1.jar
7fce20010000-7fce20014000 r--s 00031000 08:06 260626                     /home/shalika/.sdkman/candidates/grails/2.5.1/lib/jline/jline/jars/jline-2.12.jar
7fce20014000-7fce20032000 r--s 001cf000 08:06 260652                     /home/shalika/.sdkman/candidates/grails/2.5.1/lib/org.apache.ant/ant/jars/ant-1.9.4.jar
7fce20032000-7fce2003f000 r--s 000b3000 08:06 133958                     /home/shalika/.sdkman/candidates/grails/2.5.1/dist/grails-bootstrap-2.5.1.jar
7fce2003f000-7fce20048000 r--s 0006f000 08:06 260640                     /home/shalika/.sdkman/candidates/grails/2.5.1/lib/log4j/log4j/jars/log4j-1.2.17.jar
7fce20048000-7fce2059c000 rw-p 00000000 00:00 0 
7fce2059c000-7fce20774000 r--s 03d23000 08:05 1967455                    /opt/jdk1.8.0_71/jre/lib/rt.jar
7fce20774000-7fce210f4000 rw-p 00000000 00:00 0 
7fce210f4000-7fce210f5000 ---p 00000000 00:00 0 
7fce210f5000-7fce211f5000 rw-p 00000000 00:00 0                          [stack:5157]
7fce211f5000-7fce211f6000 ---p 00000000 00:00 0 
7fce211f6000-7fce212f6000 rw-p 00000000 00:00 0                          [stack:5156]
7fce212f6000-7fce212f7000 ---p 00000000 00:00 0 
7fce212f7000-7fce213f7000 rw-p 00000000 00:00 0                          [stack:5155]
7fce213f7000-7fce213f8000 ---p 00000000 00:00 0 
7fce213f8000-7fce21571000 rw-p 00000000 00:00 0                          [stack:5154]
7fce21571000-7fce215f8000 ---p 00000000 00:00 0 
7fce215f8000-7fce21671000 rw-p 00000000 00:00 0 
7fce21671000-7fce216f8000 ---p 00000000 00:00 0 
7fce216f8000-7fce21774000 rw-p 00000000 00:00 0 
7fce21774000-7fce21778000 ---p 00000000 00:00 0 
7fce21778000-7fce21859000 rw-p 00000000 00:00 0 
7fce21859000-7fce21b39000 ---p 00000000 00:00 0 
7fce21b39000-7fce21b53000 r-xp 00000000 08:05 1967721                    /opt/jdk1.8.0_71/jre/lib/amd64/libzip.so
7fce21b53000-7fce21d53000 ---p 0001a000 08:05 1967721                    /opt/jdk1.8.0_71/jre/lib/amd64/libzip.so
7fce21d53000-7fce21d54000 rw-p 0001a000 08:05 1967721                    /opt/jdk1.8.0_71/jre/lib/amd64/libzip.so
7fce21d54000-7fce21d5f000 r-xp 00000000 08:01 1839540                    /lib/x86_64-linux-gnu/libnss_files-2.19.so
7fce21d5f000-7fce21f5e000 ---p 0000b000 08:01 1839540                    /lib/x86_64-linux-gnu/libnss_files-2.19.so
7fce21f5e000-7fce21f5f000 r--p 0000a000 08:01 1839540                    /lib/x86_64-linux-gnu/libnss_files-2.19.so
7fce21f5f000-7fce21f60000 rw-p 0000b000 08:01 1839540                    /lib/x86_64-linux-gnu/libnss_files-2.19.so
7fce21f60000-7fce21f6b000 r-xp 00000000 08:01 1839550                    /lib/x86_64-linux-gnu/libnss_nis-2.19.so
7fce21f6b000-7fce2216a000 ---p 0000b000 08:01 1839550                    /lib/x86_64-linux-gnu/libnss_nis-2.19.so
7fce2216a000-7fce2216b000 r--p 0000a000 08:01 1839550                    /lib/x86_64-linux-gnu/libnss_nis-2.19.so
7fce2216b000-7fce2216c000 rw-p 0000b000 08:01 1839550                    /lib/x86_64-linux-gnu/libnss_nis-2.19.so
7fce2216c000-7fce22183000 r-xp 00000000 08:01 1839534                    /lib/x86_64-linux-gnu/libnsl-2.19.so
7fce22183000-7fce22382000 ---p 00017000 08:01 1839534                    /lib/x86_64-linux-gnu/libnsl-2.19.so
7fce22382000-7fce22383000 r--p 00016000 08:01 1839534                    /lib/x86_64-linux-gnu/libnsl-2.19.so
7fce22383000-7fce22384000 rw-p 00017000 08:01 1839534                    /lib/x86_64-linux-gnu/libnsl-2.19.so
7fce22384000-7fce22386000 rw-p 00000000 00:00 0 
7fce22386000-7fce2238f000 r-xp 00000000 08:01 1839536                    /lib/x86_64-linux-gnu/libnss_compat-2.19.so
7fce2238f000-7fce2258e000 ---p 00009000 08:01 1839536                    /lib/x86_64-linux-gnu/libnss_compat-2.19.so
7fce2258e000-7fce2258f000 r--p 00008000 08:01 1839536                    /lib/x86_64-linux-gnu/libnss_compat-2.19.so
7fce2258f000-7fce22590000 rw-p 00009000 08:01 1839536                    /lib/x86_64-linux-gnu/libnss_compat-2.19.so
7fce22590000-7fce2259a000 r-xp 00000000 08:05 1967723                    /opt/jdk1.8.0_71/jre/lib/amd64/libinstrument.so
7fce2259a000-7fce22799000 ---p 0000a000 08:05 1967723                    /opt/jdk1.8.0_71/jre/lib/amd64/libinstrument.so
7fce22799000-7fce2279a000 rw-p 00009000 08:05 1967723                    /opt/jdk1.8.0_71/jre/lib/amd64/libinstrument.so
7fce2279a000-7fce227c4000 r-xp 00000000 08:05 1967713                    /opt/jdk1.8.0_71/jre/lib/amd64/libjava.so
7fce227c4000-7fce229c4000 ---p 0002a000 08:05 1967713                    /opt/jdk1.8.0_71/jre/lib/amd64/libjava.so
7fce229c4000-7fce229c6000 rw-p 0002a000 08:05 1967713                    /opt/jdk1.8.0_71/jre/lib/amd64/libjava.so
7fce229c6000-7fce229d3000 r-xp 00000000 08:05 1967704                    /opt/jdk1.8.0_71/jre/lib/amd64/libverify.so
7fce229d3000-7fce22bd3000 ---p 0000d000 08:05 1967704                    /opt/jdk1.8.0_71/jre/lib/amd64/libverify.so
7fce22bd3000-7fce22bd5000 rw-p 0000d000 08:05 1967704                    /opt/jdk1.8.0_71/jre/lib/amd64/libverify.so
7fce22bd5000-7fce22bdc000 r-xp 00000000 08:01 1839593                    /lib/x86_64-linux-gnu/librt-2.19.so
7fce22bdc000-7fce22ddb000 ---p 00007000 08:01 1839593                    /lib/x86_64-linux-gnu/librt-2.19.so
7fce22ddb000-7fce22ddc000 r--p 00006000 08:01 1839593                    /lib/x86_64-linux-gnu/librt-2.19.so
7fce22ddc000-7fce22ddd000 rw-p 00007000 08:01 1839593                    /lib/x86_64-linux-gnu/librt-2.19.so
7fce22ddd000-7fce22ee2000 r-xp 00000000 08:01 1839515                    /lib/x86_64-linux-gnu/libm-2.19.so
7fce22ee2000-7fce230e1000 ---p 00105000 08:01 1839515                    /lib/x86_64-linux-gnu/libm-2.19.so
7fce230e1000-7fce230e2000 r--p 00104000 08:01 1839515                    /lib/x86_64-linux-gnu/libm-2.19.so
7fce230e2000-7fce230e3000 rw-p 00105000 08:01 1839515                    /lib/x86_64-linux-gnu/libm-2.19.so
7fce230e3000-7fce23da2000 r-xp 00000000 08:05 1967719                    /opt/jdk1.8.0_71/jre/lib/amd64/server/libjvm.so
7fce23da2000-7fce23fa1000 ---p 00cbf000 08:05 1967719                    /opt/jdk1.8.0_71/jre/lib/amd64/server/libjvm.so
7fce23fa1000-7fce2407a000 rw-p 00cbe000 08:05 1967719                    /opt/jdk1.8.0_71/jre/lib/amd64/server/libjvm.so
7fce2407a000-7fce240c3000 rw-p 00000000 00:00 0 
7fce240c3000-7fce2427e000 r-xp 00000000 08:01 1839465                    /lib/x86_64-linux-gnu/libc-2.19.so
7fce2427e000-7fce2447d000 ---p 001bb000 08:01 1839465                    /lib/x86_64-linux-gnu/libc-2.19.so
7fce2447d000-7fce24481000 r--p 001ba000 08:01 1839465                    /lib/x86_64-linux-gnu/libc-2.19.so
7fce24481000-7fce24483000 rw-p 001be000 08:01 1839465                    /lib/x86_64-linux-gnu/libc-2.19.so
7fce24483000-7fce24488000 rw-p 00000000 00:00 0 
7fce24488000-7fce2448b000 r-xp 00000000 08:01 1839482                    /lib/x86_64-linux-gnu/libdl-2.19.so
7fce2448b000-7fce2468a000 ---p 00003000 08:01 1839482                    /lib/x86_64-linux-gnu/libdl-2.19.so
7fce2468a000-7fce2468b000 r--p 00002000 08:01 1839482                    /lib/x86_64-linux-gnu/libdl-2.19.so
7fce2468b000-7fce2468c000 rw-p 00003000 08:01 1839482                    /lib/x86_64-linux-gnu/libdl-2.19.so
7fce2468c000-7fce246a1000 r-xp 00000000 08:05 1966707                    /opt/jdk1.8.0_71/lib/amd64/jli/libjli.so
7fce246a1000-7fce248a1000 ---p 00015000 08:05 1966707                    /opt/jdk1.8.0_71/lib/amd64/jli/libjli.so
7fce248a1000-7fce248a2000 rw-p 00015000 08:05 1966707                    /opt/jdk1.8.0_71/lib/amd64/jli/libjli.so
7fce248a2000-7fce248bb000 r-xp 00000000 08:01 1839585                    /lib/x86_64-linux-gnu/libpthread-2.19.so
7fce248bb000-7fce24aba000 ---p 00019000 08:01 1839585                    /lib/x86_64-linux-gnu/libpthread-2.19.so
7fce24aba000-7fce24abb000 r--p 00018000 08:01 1839585                    /lib/x86_64-linux-gnu/libpthread-2.19.so
7fce24abb000-7fce24abc000 rw-p 00019000 08:01 1839585                    /lib/x86_64-linux-gnu/libpthread-2.19.so
7fce24abc000-7fce24ac0000 rw-p 00000000 00:00 0 
7fce24ac0000-7fce24ae3000 r-xp 00000000 08:01 1839441                    /lib/x86_64-linux-gnu/ld-2.19.so
7fce24ae3000-7fce24ae5000 r--s 00005000 08:06 260912                     /home/shalika/.sdkman/candidates/grails/2.5.1/lib/org.slf4j/slf4j-api/jars/slf4j-api-1.7.5.jar
7fce24ae5000-7fce24bc5000 rw-p 00000000 00:00 0 
7fce24bc5000-7fce24bc8000 ---p 00000000 00:00 0 
7fce24bc8000-7fce24cca000 rw-p 00000000 00:00 0                          [stack:5152]
7fce24cca000-7fce24ccb000 r--s 00004000 08:06 260658                     /home/shalika/.sdkman/candidates/grails/2.5.1/lib/org.apache.ant/ant-launcher/jars/ant-launcher-1.9.4.jar
7fce24ccb000-7fce24ccd000 r--s 0000b000 08:06 134294                     /home/shalika/.sdkman/candidates/grails/2.5.1/dist/grails-plugin-log4j-2.5.1.jar
7fce24ccd000-7fce24ccf000 r--s 00013000 08:06 260732                     /home/shalika/.sdkman/candidates/grails/2.5.1/lib/org.apache.tomcat.embed/tomcat-embed-logging-log4j/jars/tomcat-embed-logging-log4j-7.0.50.jar
7fce24ccf000-7fce24cd4000 r--s 00050000 08:06 260746                     /home/shalika/.sdkman/candidates/grails/2.5.1/lib/org.codehaus.gant/gant_groovy1.8/jars/gant_groovy1.8-1.9.6.jar
7fce24cd4000-7fce24cd6000 r--s 00003000 08:06 260900                     /home/shalika/.sdkman/candidates/grails/2.5.1/lib/org.slf4j/jcl-over-slf4j/jars/jcl-over-slf4j-1.7.5.jar
7fce24cd6000-7fce24cde000 rw-s 00000000 08:01 2623728                    /tmp/hsperfdata_shalika/5150
7fce24cde000-7fce24cdf000 rw-p 00000000 00:00 0 
7fce24cdf000-7fce24ce0000 r--p 00000000 00:00 0 
7fce24ce0000-7fce24ce2000 rw-p 00000000 00:00 0 
7fce24ce2000-7fce24ce3000 r--p 00022000 08:01 1839441                    /lib/x86_64-linux-gnu/ld-2.19.so
7fce24ce3000-7fce24ce4000 rw-p 00023000 08:01 1839441                    /lib/x86_64-linux-gnu/ld-2.19.so
7fce24ce4000-7fce24ce5000 rw-p 00000000 00:00 0 
7ffc13e34000-7ffc13e56000 rw-p 00000000 00:00 0                          [stack]
7ffc13f69000-7ffc13f6b000 r--p 00000000 00:00 0                          [vvar]
7ffc13f6b000-7ffc13f6d000 r-xp 00000000 00:00 0                          [vdso]
ffffffffff600000-ffffffffff601000 r-xp 00000000 00:00 0                  [vsyscall]

VM Arguments:
jvm_args: -Dfile.encoding=UTF-8 -Xmx768M -Xms64M -Dgrails.fork.parent.process.port=37317 -Dgrails.fork.active=true -Dgrails.build.execution.context=/tmp/linksharing6611333862520992653grails-execution-context -Dgrails.home=/home/shalika/.sdkman/candidates/grails/2.5.1 -javaagent:/home/shalika/.sdkman/candidates/grails/2.5.1/lib/org.springframework/springloaded/jars/springloaded-1.2.4.RELEASE.jar -Xverify:none -Dspringloaded.synchronize=true -Djdk.reflect.allowGetCallerClass=true -Dspringloaded=profile=grails;cacheDir=/home/shalika/.grails/2.5.1 
java_command: org.grails.plugins.tomcat.fork.ForkedTomcatServer
java_class_path (initial): /opt/jdk1.8.0_71/lib/tools.jar:/home/shalika/.sdkman/candidates/grails/2.5.1/lib/org.codehaus.groovy/groovy-all/jars/groovy-all-2.4.4.jar:/home/shalika/.sdkman/candidates/grails/2.5.1/lib/org.slf4j/jcl-over-slf4j/jars/jcl-over-slf4j-1.7.5.jar:/home/shalika/.sdkman/candidates/grails/current/lib/org.codehaus.gant/gant_groovy1.8/jars/gant_groovy1.8-1.9.6.jar:/home/shalika/.sdkman/candidates/grails/2.5.1/lib/org.apache.tomcat.embed/tomcat-embed-logging-log4j/jars/tomcat-embed-logging-log4j-7.0.50.jar:/home/shalika/.sdkman/candidates/grails/2.5.1/dist/grails-plugin-log4j-2.5.1.jar:/home/shalika/.sdkman/candidates/grails/2.5.1/lib/log4j/log4j/jars/log4j-1.2.17.jar:/home/shalika/.sdkman/candidates/grails/2.5.1/dist/grails-bootstrap-2.5.1.jar:/home/shalika/.sdkman/candidates/grails/2.5.1/lib/org.apache.ant/ant/jars/ant-1.9.4.jar:/home/shalika/.sdkman/candidates/grails/2.5.1/lib/org.slf4j/slf4j-api/jars/slf4j-api-1.7.5.jar:/home/shalika/.sdkman/candidates/grails/2.5.1/lib/jline/jline/jars/jline-2.12.jar:/home/shalika/.sdkman/candidates/grails/2.5.1/lib/org.apache.ant/ant-launcher/jars/ant-launcher-1.9.4.jar:/home/shalika/.sdkman/candidates/grails/2.5.1/lib/org.apache.ant/ant-trax/jars/ant-trax-1.7.1.jar:/home/shalika/.sdkman/candidates/grails/2.5.1/lib/org.apache.ivy/ivy/jars/ivy-2.3.0.jar:/home/shalika/.sdkman/candidates/grails/2.5.1/lib/org.fusesource.jansi/jansi/jars/jansi-1.11.jar:/home/shalika/.sdkman/candidates/grails/2.5.1/lib/org.apache.ant/ant-junit/jars/ant-junit-1.9.4.jar:/home/shalika/.m2/repository/org/apache/tomcat/tomcat-catalina-ant/7.0.55/tomcat-catalina-ant-7.0.55.jar:/home/shalika/.m2/repository/org/apache/tomcat/embed/tomcat-embed-jasper/7.0.55/tomcat-embed-jasper-7.0.55.jar:/home/shalika/.m2/repository/org/apache/tomcat/embed/tomcat-embed-el/7.0.55/tomcat-embed-el-7.0.55.jar:/home/shalika/.m2/repository/org/apache/tomcat/embed/tomcat-embed-logging-log4j/7.0.55/tomcat-embed-logging-log4j-7.0.55.jar:/home/shalika/.m2/repository
Launcher Type: SUN_STANDARD

Environment Variables:
JAVA_HOME=/opt/jdk1.8.0_71
PATH=/home/shalika/.sdkman/candidates/groovy/current/bin:/home/shalika/.sdkman/candidates/grails/current/bin:/home/shalika/.sdkman/candidates/gradle/current/bin:/usr/local/sbin:/usr/local/bin:/usr/sbin:/usr/bin:/sbin:/bin:/usr/games:/usr/local/games:/opt/jdk1.8.0_71/bin
SHELL=/bin/bash
DISPLAY=:0

Signal Handlers:
SIGSEGV: [libjvm.so+0xabafa0], sa_mask[0]=11111111011111111101111111111110, sa_flags=SA_RESTART|SA_SIGINFO
SIGBUS: [libjvm.so+0xabafa0], sa_mask[0]=11111111011111111101111111111110, sa_flags=SA_RESTART|SA_SIGINFO
SIGFPE: [libjvm.so+0x9183c0], sa_mask[0]=11111111011111111101111111111110, sa_flags=SA_RESTART|SA_SIGINFO
SIGPIPE: [libjvm.so+0x9183c0], sa_mask[0]=11111111011111111101111111111110, sa_flags=SA_RESTART|SA_SIGINFO
SIGXFSZ: [libjvm.so+0x9183c0], sa_mask[0]=11111111011111111101111111111110, sa_flags=SA_RESTART|SA_SIGINFO
SIGILL: [libjvm.so+0x9183c0], sa_mask[0]=11111111011111111101111111111110, sa_flags=SA_RESTART|SA_SIGINFO
SIGUSR1: SIG_DFL, sa_mask[0]=00000000000000000000000000000000, sa_flags=none
SIGUSR2: [libjvm.so+0x9199f0], sa_mask[0]=00100000000000000000000000000000, sa_flags=SA_RESTART|SA_SIGINFO
SIGHUP: [libjvm.so+0x91adf0], sa_mask[0]=11111111011111111101111111111110, sa_flags=SA_RESTART|SA_SIGINFO
SIGINT: [libjvm.so+0x91adf0], sa_mask[0]=11111111011111111101111111111110, sa_flags=SA_RESTART|SA_SIGINFO
SIGTERM: [libjvm.so+0x91adf0], sa_mask[0]=11111111011111111101111111111110, sa_flags=SA_RESTART|SA_SIGINFO
SIGQUIT: [libjvm.so+0x91adf0], sa_mask[0]=11111111011111111101111111111110, sa_flags=SA_RESTART|SA_SIGINFO


---------------  S Y S T E M  ---------------

OS:DISTRIB_ID=Ubuntu
DISTRIB_RELEASE=14.04
DISTRIB_CODENAME=trusty
DISTRIB_DESCRIPTION="Ubuntu 14.04.3 LTS"

uname:Linux 3.19.0-47-generic #53~14.04.1-Ubuntu SMP Mon Jan 18 16:09:14 UTC 2016 x86_64
libc:glibc 2.19 NPTL 2.19 
rlimit: STACK 8192k, CORE 0k, NPROC 31535, NOFILE 4096, AS infinity
load average:1.89 1.24 0.97

/proc/meminfo:
MemTotal:        8094440 kB
MemFree:         2035560 kB
MemAvailable:    3347608 kB
Buffers:          114704 kB
Cached:          1675120 kB
SwapCached:            0 kB
Active:          4661296 kB
Inactive:        1175068 kB
Active(anon):    4049880 kB
Inactive(anon):   344476 kB
Active(file):     611416 kB
Inactive(file):   830592 kB
Unevictable:          48 kB
Mlocked:              48 kB
SwapTotal:      15998972 kB
SwapFree:       15998972 kB
Dirty:             16448 kB
Writeback:             0 kB
AnonPages:       4046608 kB
Mapped:           436316 kB
Shmem:            347812 kB
Slab:             114244 kB
SReclaimable:      77964 kB
SUnreclaim:        36280 kB
KernelStack:       10288 kB
PageTables:        38480 kB
NFS_Unstable:          0 kB
Bounce:                0 kB
WritebackTmp:          0 kB
CommitLimit:    20046192 kB
Committed_AS:    7642892 kB
VmallocTotal:   34359738367 kB
VmallocUsed:      563988 kB
VmallocChunk:   34359089532 kB
HardwareCorrupted:     0 kB
AnonHugePages:   2439168 kB
CmaTotal:              0 kB
CmaFree:               0 kB
HugePages_Total:       0
HugePages_Free:        0
HugePages_Rsvd:        0
HugePages_Surp:        0
Hugepagesize:       2048 kB
DirectMap4k:      115516 kB
DirectMap2M:     5046272 kB
DirectMap1G:     4194304 kB


CPU:total 4 (2 cores per cpu, 2 threads per core) family 6 model 61 stepping 4, cmov, cx8, fxsr, mmx, sse, sse2, sse3, ssse3, sse4.1, sse4.2, popcnt, avx, avx2, aes, clmul, erms, 3dnowpref, lzcnt, ht, tsc, tscinvbit, bmi1, bmi2, adx

/proc/cpuinfo:
processor	: 0
vendor_id	: GenuineIntel
cpu family	: 6
model		: 61
model name	: Intel(R) Core(TM) i7-5500U CPU @ 2.40GHz
stepping	: 4
microcode	: 0x1f
cpu MHz		: 2933.718
cache size	: 4096 KB
physical id	: 0
siblings	: 4
core id		: 0
cpu cores	: 2
apicid		: 0
initial apicid	: 0
fpu		: yes
fpu_exception	: yes
cpuid level	: 20
wp		: yes
flags		: fpu vme de pse tsc msr pae mce cx8 apic sep mtrr pge mca cmov pat pse36 clflush dts acpi mmx fxsr sse sse2 ss ht tm pbe syscall nx pdpe1gb rdtscp lm constant_tsc arch_perfmon pebs bts rep_good nopl xtopology nonstop_tsc aperfmperf eagerfpu pni pclmulqdq dtes64 monitor ds_cpl vmx est tm2 ssse3 fma cx16 xtpr pdcm pcid sse4_1 sse4_2 x2apic movbe popcnt tsc_deadline_timer aes xsave avx f16c rdrand lahf_lm abm 3dnowprefetch ida arat epb pln pts dtherm tpr_shadow vnmi flexpriority ept vpid fsgsbase tsc_adjust bmi1 avx2 smep bmi2 erms invpcid rdseed adx smap xsaveopt
bugs		:
bogomips	: 4788.87
clflush size	: 64
cache_alignment	: 64
address sizes	: 39 bits physical, 48 bits virtual
power management:

processor	: 1
vendor_id	: GenuineIntel
cpu family	: 6
model		: 61
model name	: Intel(R) Core(TM) i7-5500U CPU @ 2.40GHz
stepping	: 4
microcode	: 0x1f
cpu MHz		: 2899.968
cache size	: 4096 KB
physical id	: 0
siblings	: 4
core id		: 1
cpu cores	: 2
apicid		: 2
initial apicid	: 2
fpu		: yes
fpu_exception	: yes
cpuid level	: 20
wp		: yes
flags		: fpu vme de pse tsc msr pae mce cx8 apic sep mtrr pge mca cmov pat pse36 clflush dts acpi mmx fxsr sse sse2 ss ht tm pbe syscall nx pdpe1gb rdtscp lm constant_tsc arch_perfmon pebs bts rep_good nopl xtopology nonstop_tsc aperfmperf eagerfpu pni pclmulqdq dtes64 monitor ds_cpl vmx est tm2 ssse3 fma cx16 xtpr pdcm pcid sse4_1 sse4_2 x2apic movbe popcnt tsc_deadline_timer aes xsave avx f16c rdrand lahf_lm abm 3dnowprefetch ida arat epb pln pts dtherm tpr_shadow vnmi flexpriority ept vpid fsgsbase tsc_adjust bmi1 avx2 smep bmi2 erms invpcid rdseed adx smap xsaveopt
bugs		:
bogomips	: 4788.87
clflush size	: 64
cache_alignment	: 64
address sizes	: 39 bits physical, 48 bits virtual
power management:

processor	: 2
vendor_id	: GenuineIntel
cpu family	: 6
model		: 61
model name	: Intel(R) Core(TM) i7-5500U CPU @ 2.40GHz
stepping	: 4
microcode	: 0x1f
cpu MHz		: 2901.750
cache size	: 4096 KB
physical id	: 0
siblings	: 4
core id		: 0
cpu cores	: 2
apicid		: 1
initial apicid	: 1
fpu		: yes
fpu_exception	: yes
cpuid level	: 20
wp		: yes
flags		: fpu vme de pse tsc msr pae mce cx8 apic sep mtrr pge mca cmov pat pse36 clflush dts acpi mmx fxsr sse sse2 ss ht tm pbe syscall nx pdpe1gb rdtscp lm constant_tsc arch_perfmon pebs bts rep_good nopl xtopology nonstop_tsc aperfmperf eagerfpu pni pclmulqdq dtes64 monitor ds_cpl vmx est tm2 ssse3 fma cx16 xtpr pdcm pcid sse4_1 sse4_2 x2apic movbe popcnt tsc_deadline_timer aes xsave avx f16c rdrand lahf_lm abm 3dnowprefetch ida arat epb pln pts dtherm tpr_shadow vnmi flexpriority ept vpid fsgsbase tsc_adjust bmi1 avx2 smep bmi2 erms invpcid rdseed adx smap xsaveopt
bugs		:
bogomips	: 4788.87
clflush size	: 64
cache_alignment	: 64
address sizes	: 39 bits physical, 48 bits virtual
power management:

processor	: 3
vendor_id	: GenuineIntel
cpu family	: 6
model		: 61
model name	: Intel(R) Core(TM) i7-5500U CPU @ 2.40GHz
stepping	: 4
microcode	: 0x1f
cpu MHz		: 2899.968
cache size	: 4096 KB
physical id	: 0
siblings	: 4
core id		: 1
cpu cores	: 2
apicid		: 3
initial apicid	: 3
fpu		: yes
fpu_exception	: yes
cpuid level	: 20
wp		: yes
flags		: fpu vme de pse tsc msr pae mce cx8 apic sep mtrr pge mca cmov pat pse36 clflush dts acpi mmx fxsr sse sse2 ss ht tm pbe syscall nx pdpe1gb rdtscp lm constant_tsc arch_perfmon pebs bts rep_good nopl xtopology nonstop_tsc aperfmperf eagerfpu pni pclmulqdq dtes64 monitor ds_cpl vmx est tm2 ssse3 fma cx16 xtpr pdcm pcid sse4_1 sse4_2 x2apic movbe popcnt tsc_deadline_timer aes xsave avx f16c rdrand lahf_lm abm 3dnowprefetch ida arat epb pln pts dtherm tpr_shadow vnmi flexpriority ept vpid fsgsbase tsc_adjust bmi1 avx2 smep bmi2 erms invpcid rdseed adx smap xsaveopt
bugs		:
bogomips	: 4788.87
clflush size	: 64
cache_alignment	: 64
address sizes	: 39 bits physical, 48 bits virtual
power management:



Memory: 4k page, physical 8094440k(2035560k free), swap 15998972k(15998972k free)

vm_info: Java HotSpot(TM) 64-Bit Server VM (25.71-b15) for linux-amd64 JRE (1.8.0_71-b15), built on Dec 22 2015 18:21:33 by "java_re" with gcc 4.3.0 20080428 (Red Hat 4.3.0-8)

time: Thu Apr  7 11:39:37 2016
elapsed time: 1699 seconds (0d 0h 28m 19s)

